#
# There is insufficient memory for the Java Runtime Environment to continue.
# Native memory allocation (mmap) failed to map 260046848 bytes for committing reserved memory.
# Possible reasons:
#   The system is out of physical RAM or swap space
#   The process is running with CompressedOops enabled, and the Java Heap may be blocking the growth of the native heap
# Possible solutions:
#   Reduce memory load on the system
#   Increase physical memory or swap space
#   Check if swap backing store is full
#   Decrease Java heap size (-Xmx/-Xms)
#   Decrease number of Java threads
#   Decrease Java thread stack sizes (-Xss)
#   Set larger code cache with -XX:ReservedCodeCacheSize=
#   JVM is running with Unscaled Compressed Oops mode in which the Java heap is
#     placed in the first 4GB address space. The Java Heap base address is the
#     maximum limit for the native heap growth. Please use -XX:HeapBaseMinAddress
#     to set the Java Heap base and to place the Java Heap above 4GB virtual address.
# This output file may be truncated or incomplete.
#
#  Out of Memory Error (os_linux.cpp:2706), pid=15455, tid=15472
#
# JRE version: OpenJDK Runtime Environment (10.0.2+13) (build 10.0.2+13-Ubuntu-1ubuntu0.18.04.4)
# Java VM: OpenJDK 64-Bit Server VM (10.0.2+13-Ubuntu-1ubuntu0.18.04.4, mixed mode, tiered, compressed oops, g1 gc, linux-amd64)
# Core dump will be written. Default location: Core dumps may be processed with "/usr/share/apport/apport %p %s %c %d %P" (or dumping to /home/boukhary/Desktop/NewJoinOperator/JoinAssignement/javaminibase/src/core.15455)
#

---------------  S U M M A R Y ------------

Command Line: -Dfile.encoding=UTF-8 tests.ParserTest

Host: Intel(R) Core(TM) i7-5500U CPU @ 2.40GHz, 4 cores, 3G, Ubuntu 18.04.1 LTS
Time: Tue Dec 18 07:55:01 2018 PST elapsed time: 36 seconds (0d 0h 0m 36s)

---------------  T H R E A D  ---------------

Current thread (0x00007fb5740e0800):  VMThread "VM Thread" [stack: 0x00007fb558519000,0x00007fb558619000] [id=15472]

Stack: [0x00007fb558519000,0x00007fb558619000],  sp=0x00007fb5586170a0,  free space=1016k
Native frames: (J=compiled Java code, A=aot compiled Java code, j=interpreted, Vv=VM code, C=native code)
V  [libjvm.so+0xd27ea4]
V  [libjvm.so+0xd28a4b]
V  [libjvm.so+0x64d415]
V  [libjvm.so+0xb2d7c8]
V  [libjvm.so+0xb2601d]
V  [libjvm.so+0x7662ff]
V  [libjvm.so+0x76653e]
V  [libjvm.so+0x769500]
V  [libjvm.so+0x7efa1c]
V  [libjvm.so+0x7f06df]
V  [libjvm.so+0x7f0b59]
V  [libjvm.so+0x7162cf]
V  [libjvm.so+0x71a3ba]
V  [libjvm.so+0xd3a008]
V  [libjvm.so+0xd38871]
V  [libjvm.so+0xd35b3b]
V  [libjvm.so+0xd3715e]
V  [libjvm.so+0xd37588]
V  [libjvm.so+0xb33d40]

VM_Operation (0x00007fb57ca3c4c0): G1IncCollectionPause, mode: safepoint, requested by thread 0x00007fb574011800


---------------  P R O C E S S  ---------------

Threads class SMR info:
_java_thread_list=0x00007fb5741d1f50, length=11, elements={
0x00007fb574011800, 0x00007fb5740ea000, 0x00007fb5740ec000, 0x00007fb5740f5800,
0x00007fb574100000, 0x00007fb574102000, 0x00007fb574104000, 0x00007fb574105800,
0x00007fb57417a000, 0x00007fb574188000, 0x00007fb5741d2800
}

Java Threads: ( => current thread )
  0x00007fb574011800 JavaThread "main" [_thread_blocked, id=15460, stack(0x00007fb57c93d000,0x00007fb57ca3e000)]
  0x00007fb5740ea000 JavaThread "Reference Handler" daemon [_thread_blocked, id=15474, stack(0x00007fb558416000,0x00007fb558517000)]
  0x00007fb5740ec000 JavaThread "Finalizer" daemon [_thread_blocked, id=15475, stack(0x00007fb558315000,0x00007fb558416000)]
  0x00007fb5740f5800 JavaThread "Signal Dispatcher" daemon [_thread_blocked, id=15476, stack(0x00007fb558214000,0x00007fb558315000)]
  0x00007fb574100000 JavaThread "C2 CompilerThread0" daemon [_thread_blocked, id=15477, stack(0x00007fb558113000,0x00007fb558214000)]
  0x00007fb574102000 JavaThread "C2 CompilerThread1" daemon [_thread_blocked, id=15478, stack(0x00007fb558012000,0x00007fb558113000)]
  0x00007fb574104000 JavaThread "C1 CompilerThread2" daemon [_thread_blocked, id=15479, stack(0x00007fb541530000,0x00007fb541631000)]
  0x00007fb574105800 JavaThread "Sweeper thread" daemon [_thread_blocked, id=15480, stack(0x00007fb54142f000,0x00007fb541530000)]
  0x00007fb57417a000 JavaThread "Service Thread" daemon [_thread_blocked, id=15482, stack(0x00007fb54132e000,0x00007fb54142f000)]
  0x00007fb574188000 JavaThread "Common-Cleaner" daemon [_thread_blocked, id=15484, stack(0x00007fb54112b000,0x00007fb54122c000)]
  0x00007fb5741d2800 JavaThread "process reaper" daemon [_thread_blocked, id=15486, stack(0x00007fb57c857000,0x00007fb57c879000)]

Other Threads:
=>0x00007fb5740e0800 VMThread "VM Thread" [stack: 0x00007fb558519000,0x00007fb558619000] [id=15472]
  0x00007fb57417c000 WatcherThread [stack: 0x00007fb54122e000,0x00007fb54132e000] [id=15483]
  0x00007fb574028000 GCTaskThread "GC Thread#0" [stack: 0x00007fb578a61000,0x00007fb578b61000] [id=15461]
  0x00007fb574029800 GCTaskThread "GC Thread#1" [stack: 0x00007fb57895f000,0x00007fb578a5f000] [id=15462]
  0x00007fb57402b800 GCTaskThread "GC Thread#2" [stack: 0x00007fb57885d000,0x00007fb57895d000] [id=15463]
  0x00007fb57402d000 GCTaskThread "GC Thread#3" [stack: 0x00007fb57875b000,0x00007fb57885b000] [id=15464]
  0x00007fb574044800 ConcurrentGCThread "G1 Main Marker" [stack: 0x00007fb57806a000,0x00007fb57816a000] [id=15465]
  0x00007fb574046000 ConcurrentGCThread "G1 Conc#0" [stack: 0x00007fb55979f000,0x00007fb55989f000] [id=15466]
  0x00007fb574079800 ConcurrentGCThread "G1 Refine#0" [stack: 0x00007fb559299000,0x00007fb559399000] [id=15467]
  0x00007fb57407b000 ConcurrentGCThread "G1 Refine#1" [stack: 0x00007fb559197000,0x00007fb559297000] [id=15468]
  0x00007fb57407d000 ConcurrentGCThread "G1 Refine#2" [stack: 0x00007fb559095000,0x00007fb559195000] [id=15469]
  0x00007fb57407e800 ConcurrentGCThread "G1 Refine#3" [stack: 0x00007fb558f93000,0x00007fb559093000] [id=15470]
  0x00007fb574080800 ConcurrentGCThread "G1 Young RemSet Sampling" [stack: 0x00007fb558e91000,0x00007fb558f91000] [id=15471]

Threads with active compile tasks:

VM state:at safepoint (normal execution)

VM Mutex/Monitor currently owned by a thread:  ([mutex/lock_event])
[0x00007fb57400e0b0] Threads_lock - owner thread: 0x00007fb5740e0800
[0x00007fb57400e650] Heap_lock - owner thread: 0x00007fb574011800

Heap address: 0x00000000c2a00000, size: 982 MB, Compressed Oops mode: 32-bit
Narrow klass base: 0x0000000000000000, Narrow klass shift: 3
Compressed class space size: 1073741824 Address: 0x0000000100000000

Heap:
 garbage-first heap   total 625664K, used 994K [0x00000000c2a00000, 0x0000000100000000)
  region size 1024K, 1 young (1024K), 1 survivors (1024K)
 Metaspace       used 5971K, capacity 6110K, committed 6272K, reserved 1056768K
  class space    used 504K, capacity 548K, committed 640K, reserved 1048576K
Heap Regions: E=young(eden), S=young(survivor), O=old, HS=humongous(starts), HC=humongous(continues), CS=collection set, F=free, A=archive, TS=gc time stamp, AC=allocation context, TAMS=top-at-mark-start (previous, next)
|   0|0x00000000c2a00000, 0x00000000c2af6a00, 0x00000000c2b00000| 96%| O|  |TS 19|AC  0|TAMS 0x00000000c2a00000, 0x00000000c2a00000|
|   1|0x00000000c2b00000, 0x00000000c2b00000, 0x00000000c2c00000|  0%| F|  |TS  0|AC  0|TAMS 0x00000000c2b00000, 0x00000000c2b00000|
|   2|0x00000000c2c00000, 0x00000000c2c00000, 0x00000000c2d00000|  0%| F|  |TS  0|AC  0|TAMS 0x00000000c2c00000, 0x00000000c2c00000|
|   3|0x00000000c2d00000, 0x00000000c2d00000, 0x00000000c2e00000|  0%| F|  |TS  0|AC  0|TAMS 0x00000000c2d00000, 0x00000000c2d00000|
|   4|0x00000000c2e00000, 0x00000000c2e00000, 0x00000000c2f00000|  0%| F|  |TS  0|AC  0|TAMS 0x00000000c2e00000, 0x00000000c2e00000|
|   5|0x00000000c2f00000, 0x00000000c2f00000, 0x00000000c3000000|  0%| F|  |TS  0|AC  0|TAMS 0x00000000c2f00000, 0x00000000c2f00000|
|   6|0x00000000c3000000, 0x00000000c3000000, 0x00000000c3100000|  0%| F|  |TS  0|AC  0|TAMS 0x00000000c3000000, 0x00000000c3000000|
|   7|0x00000000c3100000, 0x00000000c3100000, 0x00000000c3200000|  0%| F|  |TS  0|AC  0|TAMS 0x00000000c3100000, 0x00000000c3100000|
|   8|0x00000000c3200000, 0x00000000c3200000, 0x00000000c3300000|  0%| F|  |TS  0|AC  0|TAMS 0x00000000c3200000, 0x00000000c3200000|
|   9|0x00000000c3300000, 0x00000000c3300000, 0x00000000c3400000|  0%| F|  |TS  0|AC  0|TAMS 0x00000000c3300000, 0x00000000c3300000|
|  10|0x00000000c3400000, 0x00000000c3400000, 0x00000000c3500000|  0%| F|  |TS  0|AC  0|TAMS 0x00000000c3400000, 0x00000000c3400000|
|  11|0x00000000c3500000, 0x00000000c3500000, 0x00000000c3600000|  0%| F|  |TS  0|AC  0|TAMS 0x00000000c3500000, 0x00000000c3500000|
|  12|0x00000000c3600000, 0x00000000c3600000, 0x00000000c3700000|  0%| F|  |TS  0|AC  0|TAMS 0x00000000c3600000, 0x00000000c3600000|
|  13|0x00000000c3700000, 0x00000000c3700000, 0x00000000c3800000|  0%| F|  |TS  0|AC  0|TAMS 0x00000000c3700000, 0x00000000c3700000|
|  14|0x00000000c3800000, 0x00000000c3800000, 0x00000000c3900000|  0%| F|  |TS  0|AC  0|TAMS 0x00000000c3800000, 0x00000000c3800000|
|  15|0x00000000c3900000, 0x00000000c3900000, 0x00000000c3a00000|  0%| F|  |TS  0|AC  0|TAMS 0x00000000c3900000, 0x00000000c3900000|
|  16|0x00000000c3a00000, 0x00000000c3a00000, 0x00000000c3b00000|  0%| F|  |TS  0|AC  0|TAMS 0x00000000c3a00000, 0x00000000c3a00000|
|  17|0x00000000c3b00000, 0x00000000c3b00000, 0x00000000c3c00000|  0%| F|  |TS  0|AC  0|TAMS 0x00000000c3b00000, 0x00000000c3b00000|
|  18|0x00000000c3c00000, 0x00000000c3c00000, 0x00000000c3d00000|  0%| F|  |TS  0|AC  0|TAMS 0x00000000c3c00000, 0x00000000c3c00000|
|  19|0x00000000c3d00000, 0x00000000c3d00000, 0x00000000c3e00000|  0%| F|  |TS  0|AC  0|TAMS 0x00000000c3d00000, 0x00000000c3d00000|
|  20|0x00000000c3e00000, 0x00000000c3e00000, 0x00000000c3f00000|  0%| F|  |TS  0|AC  0|TAMS 0x00000000c3e00000, 0x00000000c3e00000|
|  21|0x00000000c3f00000, 0x00000000c3f00000, 0x00000000c4000000|  0%| F|  |TS  0|AC  0|TAMS 0x00000000c3f00000, 0x00000000c3f00000|
|  22|0x00000000c4000000, 0x00000000c4000000, 0x00000000c4100000|  0%| F|  |TS  0|AC  0|TAMS 0x00000000c4000000, 0x00000000c4000000|
|  23|0x00000000c4100000, 0x00000000c4100000, 0x00000000c4200000|  0%| F|  |TS  0|AC  0|TAMS 0x00000000c4100000, 0x00000000c4100000|
|  24|0x00000000c4200000, 0x00000000c4200000, 0x00000000c4300000|  0%| F|  |TS  5|AC  0|TAMS 0x00000000c4200000, 0x00000000c4200000|
|  25|0x00000000c4300000, 0x00000000c4300000, 0x00000000c4400000|  0%| F|  |TS  6|AC  0|TAMS 0x00000000c4300000, 0x00000000c4300000|
|  26|0x00000000c4400000, 0x00000000c4400000, 0x00000000c4500000|  0%| F|  |TS  5|AC  0|TAMS 0x00000000c4400000, 0x00000000c4400000|
|  27|0x00000000c4500000, 0x00000000c4500000, 0x00000000c4600000|  0%| F|  |TS  5|AC  0|TAMS 0x00000000c4500000, 0x00000000c4500000|
|  28|0x00000000c4600000, 0x00000000c4600000, 0x00000000c4700000|  0%| F|  |TS  5|AC  0|TAMS 0x00000000c4600000, 0x00000000c4600000|
|  29|0x00000000c4700000, 0x00000000c4700000, 0x00000000c4800000|  0%| F|  |TS  5|AC  0|TAMS 0x00000000c4700000, 0x00000000c4700000|
|  30|0x00000000c4800000, 0x00000000c4800000, 0x00000000c4900000|  0%| F|  |TS  5|AC  0|TAMS 0x00000000c4800000, 0x00000000c4800000|
|  31|0x00000000c4900000, 0x00000000c4900000, 0x00000000c4a00000|  0%| F|  |TS  5|AC  0|TAMS 0x00000000c4900000, 0x00000000c4900000|
|  32|0x00000000c4a00000, 0x00000000c4a00000, 0x00000000c4b00000|  0%| F|  |TS  5|AC  0|TAMS 0x00000000c4a00000, 0x00000000c4a00000|
|  33|0x00000000c4b00000, 0x00000000c4b00000, 0x00000000c4c00000|  0%| F|  |TS 10|AC  0|TAMS 0x00000000c4b00000, 0x00000000c4b00000|
|  34|0x00000000c4c00000, 0x00000000c4c00000, 0x00000000c4d00000|  0%| F|  |TS  9|AC  0|TAMS 0x00000000c4c00000, 0x00000000c4c00000|
|  35|0x00000000c4d00000, 0x00000000c4d00000, 0x00000000c4e00000|  0%| F|  |TS  9|AC  0|TAMS 0x00000000c4d00000, 0x00000000c4d00000|
|  36|0x00000000c4e00000, 0x00000000c4e00000, 0x00000000c4f00000|  0%| F|  |TS  9|AC  0|TAMS 0x00000000c4e00000, 0x00000000c4e00000|
|  37|0x00000000c4f00000, 0x00000000c4f00000, 0x00000000c5000000|  0%| F|  |TS  9|AC  0|TAMS 0x00000000c4f00000, 0x00000000c4f00000|
|  38|0x00000000c5000000, 0x00000000c5000000, 0x00000000c5100000|  0%| F|  |TS  9|AC  0|TAMS 0x00000000c5000000, 0x00000000c5000000|
|  39|0x00000000c5100000, 0x00000000c5100000, 0x00000000c5200000|  0%| F|  |TS  9|AC  0|TAMS 0x00000000c5100000, 0x00000000c5100000|
|  40|0x00000000c5200000, 0x00000000c5200000, 0x00000000c5300000|  0%| F|  |TS  9|AC  0|TAMS 0x00000000c5200000, 0x00000000c5200000|
|  41|0x00000000c5300000, 0x00000000c5300000, 0x00000000c5400000|  0%| F|  |TS  9|AC  0|TAMS 0x00000000c5300000, 0x00000000c5300000|
|  42|0x00000000c5400000, 0x00000000c5400000, 0x00000000c5500000|  0%| F|  |TS  9|AC  0|TAMS 0x00000000c5400000, 0x00000000c5400000|
|  43|0x00000000c5500000, 0x00000000c5500000, 0x00000000c5600000|  0%| F|  |TS  9|AC  0|TAMS 0x00000000c5500000, 0x00000000c5500000|
|  44|0x00000000c5600000, 0x00000000c5600000, 0x00000000c5700000|  0%| F|  |TS  9|AC  0|TAMS 0x00000000c5600000, 0x00000000c5600000|
|  45|0x00000000c5700000, 0x00000000c5700000, 0x00000000c5800000|  0%| F|  |TS  9|AC  0|TAMS 0x00000000c5700000, 0x00000000c5700000|
|  46|0x00000000c5800000, 0x00000000c5800000, 0x00000000c5900000|  0%| F|  |TS  9|AC  0|TAMS 0x00000000c5800000, 0x00000000c5800000|
|  47|0x00000000c5900000, 0x00000000c5900000, 0x00000000c5a00000|  0%| F|  |TS  9|AC  0|TAMS 0x00000000c5900000, 0x00000000c5900000|
|  48|0x00000000c5a00000, 0x00000000c5a00000, 0x00000000c5b00000|  0%| F|  |TS 14|AC  0|TAMS 0x00000000c5a00000, 0x00000000c5a00000|
|  49|0x00000000c5b00000, 0x00000000c5b00000, 0x00000000c5c00000|  0%| F|  |TS 13|AC  0|TAMS 0x00000000c5b00000, 0x00000000c5b00000|
|  50|0x00000000c5c00000, 0x00000000c5c00000, 0x00000000c5d00000|  0%| F|  |TS 13|AC  0|TAMS 0x00000000c5c00000, 0x00000000c5c00000|
|  51|0x00000000c5d00000, 0x00000000c5d00000, 0x00000000c5e00000|  0%| F|  |TS 13|AC  0|TAMS 0x00000000c5d00000, 0x00000000c5d00000|
|  52|0x00000000c5e00000, 0x00000000c5e00000, 0x00000000c5f00000|  0%| F|  |TS 13|AC  0|TAMS 0x00000000c5e00000, 0x00000000c5e00000|
|  53|0x00000000c5f00000, 0x00000000c5f00000, 0x00000000c6000000|  0%| F|  |TS 13|AC  0|TAMS 0x00000000c5f00000, 0x00000000c5f00000|
|  54|0x00000000c6000000, 0x00000000c6000000, 0x00000000c6100000|  0%| F|  |TS 13|AC  0|TAMS 0x00000000c6000000, 0x00000000c6000000|
|  55|0x00000000c6100000, 0x00000000c6100000, 0x00000000c6200000|  0%| F|  |TS 13|AC  0|TAMS 0x00000000c6100000, 0x00000000c6100000|
|  56|0x00000000c6200000, 0x00000000c6200000, 0x00000000c6300000|  0%| F|  |TS 13|AC  0|TAMS 0x00000000c6200000, 0x00000000c6200000|
|  57|0x00000000c6300000, 0x00000000c6300000, 0x00000000c6400000|  0%| F|  |TS 13|AC  0|TAMS 0x00000000c6300000, 0x00000000c6300000|
|  58|0x00000000c6400000, 0x00000000c6400000, 0x00000000c6500000|  0%| F|  |TS 13|AC  0|TAMS 0x00000000c6400000, 0x00000000c6400000|
|  59|0x00000000c6500000, 0x00000000c6500000, 0x00000000c6600000|  0%| F|  |TS 13|AC  0|TAMS 0x00000000c6500000, 0x00000000c6500000|
|  60|0x00000000c6600000, 0x00000000c6600000, 0x00000000c6700000|  0%| F|  |TS 13|AC  0|TAMS 0x00000000c6600000, 0x00000000c6600000|
|  61|0x00000000c6700000, 0x00000000c6700000, 0x00000000c6800000|  0%| F|  |TS 13|AC  0|TAMS 0x00000000c6700000, 0x00000000c6700000|
|  62|0x00000000c6800000, 0x00000000c6800000, 0x00000000c6900000|  0%| F|  |TS 13|AC  0|TAMS 0x00000000c6800000, 0x00000000c6800000|
|  63|0x00000000c6900000, 0x00000000c6900000, 0x00000000c6a00000|  0%| F|  |TS 13|AC  0|TAMS 0x00000000c6900000, 0x00000000c6900000|
|  64|0x00000000c6a00000, 0x00000000c6a00000, 0x00000000c6b00000|  0%| F|  |TS 13|AC  0|TAMS 0x00000000c6a00000, 0x00000000c6a00000|
|  65|0x00000000c6b00000, 0x00000000c6b00000, 0x00000000c6c00000|  0%| F|  |TS 13|AC  0|TAMS 0x00000000c6b00000, 0x00000000c6b00000|
|  66|0x00000000c6c00000, 0x00000000c6c00000, 0x00000000c6d00000|  0%| F|  |TS 13|AC  0|TAMS 0x00000000c6c00000, 0x00000000c6c00000|
|  67|0x00000000c6d00000, 0x00000000c6d00000, 0x00000000c6e00000|  0%| F|  |TS 13|AC  0|TAMS 0x00000000c6d00000, 0x00000000c6d00000|
|  68|0x00000000c6e00000, 0x00000000c6e00000, 0x00000000c6f00000|  0%| F|  |TS 13|AC  0|TAMS 0x00000000c6e00000, 0x00000000c6e00000|
|  69|0x00000000c6f00000, 0x00000000c6f00000, 0x00000000c7000000|  0%| F|  |TS 13|AC  0|TAMS 0x00000000c6f00000, 0x00000000c6f00000|
|  70|0x00000000c7000000, 0x00000000c7000000, 0x00000000c7100000|  0%| F|  |TS 13|AC  0|TAMS 0x00000000c7000000, 0x00000000c7000000|
|  71|0x00000000c7100000, 0x00000000c7100000, 0x00000000c7200000|  0%| F|  |TS 13|AC  0|TAMS 0x00000000c7100000, 0x00000000c7100000|
|  72|0x00000000c7200000, 0x00000000c7200000, 0x00000000c7300000|  0%| F|  |TS 13|AC  0|TAMS 0x00000000c7200000, 0x00000000c7200000|
|  73|0x00000000c7300000, 0x00000000c7300000, 0x00000000c7400000|  0%| F|  |TS 13|AC  0|TAMS 0x00000000c7300000, 0x00000000c7300000|
|  74|0x00000000c7400000, 0x00000000c7400000, 0x00000000c7500000|  0%| F|  |TS 13|AC  0|TAMS 0x00000000c7400000, 0x00000000c7400000|
|  75|0x00000000c7500000, 0x00000000c7500000, 0x00000000c7600000|  0%| F|  |TS 13|AC  0|TAMS 0x00000000c7500000, 0x00000000c7500000|
|  76|0x00000000c7600000, 0x00000000c7600000, 0x00000000c7700000|  0%| F|  |TS 13|AC  0|TAMS 0x00000000c7600000, 0x00000000c7600000|
|  77|0x00000000c7700000, 0x00000000c7700000, 0x00000000c7800000|  0%| F|  |TS 13|AC  0|TAMS 0x00000000c7700000, 0x00000000c7700000|
|  78|0x00000000c7800000, 0x00000000c7800000, 0x00000000c7900000|  0%| F|  |TS 13|AC  0|TAMS 0x00000000c7800000, 0x00000000c7800000|
|  79|0x00000000c7900000, 0x00000000c7900000, 0x00000000c7a00000|  0%| F|  |TS 13|AC  0|TAMS 0x00000000c7900000, 0x00000000c7900000|
|  80|0x00000000c7a00000, 0x00000000c7a00000, 0x00000000c7b00000|  0%| F|  |TS 13|AC  0|TAMS 0x00000000c7a00000, 0x00000000c7a00000|
|  81|0x00000000c7b00000, 0x00000000c7b00000, 0x00000000c7c00000|  0%| F|  |TS 13|AC  0|TAMS 0x00000000c7b00000, 0x00000000c7b00000|
|  82|0x00000000c7c00000, 0x00000000c7c00000, 0x00000000c7d00000|  0%| F|  |TS 13|AC  0|TAMS 0x00000000c7c00000, 0x00000000c7c00000|
|  83|0x00000000c7d00000, 0x00000000c7d00000, 0x00000000c7e00000|  0%| F|  |TS 13|AC  0|TAMS 0x00000000c7d00000, 0x00000000c7d00000|
|  84|0x00000000c7e00000, 0x00000000c7e00000, 0x00000000c7f00000|  0%| F|  |TS 13|AC  0|TAMS 0x00000000c7e00000, 0x00000000c7e00000|
|  85|0x00000000c7f00000, 0x00000000c7f00000, 0x00000000c8000000|  0%| F|  |TS 13|AC  0|TAMS 0x00000000c7f00000, 0x00000000c7f00000|
|  86|0x00000000c8000000, 0x00000000c8000000, 0x00000000c8100000|  0%| F|  |TS 13|AC  0|TAMS 0x00000000c8000000, 0x00000000c8000000|
|  87|0x00000000c8100000, 0x00000000c8100000, 0x00000000c8200000|  0%| F|  |TS 13|AC  0|TAMS 0x00000000c8100000, 0x00000000c8100000|
|  88|0x00000000c8200000, 0x00000000c8200000, 0x00000000c8300000|  0%| F|  |TS 13|AC  0|TAMS 0x00000000c8200000, 0x00000000c8200000|
|  89|0x00000000c8300000, 0x00000000c8300000, 0x00000000c8400000|  0%| F|  |TS 13|AC  0|TAMS 0x00000000c8300000, 0x00000000c8300000|
|  90|0x00000000c8400000, 0x00000000c8400000, 0x00000000c8500000|  0%| F|  |TS 13|AC  0|TAMS 0x00000000c8400000, 0x00000000c8400000|
|  91|0x00000000c8500000, 0x00000000c8500000, 0x00000000c8600000|  0%| F|  |TS 13|AC  0|TAMS 0x00000000c8500000, 0x00000000c8500000|
|  92|0x00000000c8600000, 0x00000000c8600000, 0x00000000c8700000|  0%| F|  |TS 13|AC  0|TAMS 0x00000000c8600000, 0x00000000c8600000|
|  93|0x00000000c8700000, 0x00000000c8700000, 0x00000000c8800000|  0%| F|  |TS 13|AC  0|TAMS 0x00000000c8700000, 0x00000000c8700000|
|  94|0x00000000c8800000, 0x00000000c8800000, 0x00000000c8900000|  0%| F|  |TS 13|AC  0|TAMS 0x00000000c8800000, 0x00000000c8800000|
|  95|0x00000000c8900000, 0x00000000c8900000, 0x00000000c8a00000|  0%| F|  |TS 13|AC  0|TAMS 0x00000000c8900000, 0x00000000c8900000|
|  96|0x00000000c8a00000, 0x00000000c8a00000, 0x00000000c8b00000|  0%| F|  |TS 13|AC  0|TAMS 0x00000000c8a00000, 0x00000000c8a00000|
|  97|0x00000000c8b00000, 0x00000000c8b00000, 0x00000000c8c00000|  0%| F|  |TS 13|AC  0|TAMS 0x00000000c8b00000, 0x00000000c8b00000|
|  98|0x00000000c8c00000, 0x00000000c8c00000, 0x00000000c8d00000|  0%| F|  |TS 13|AC  0|TAMS 0x00000000c8c00000, 0x00000000c8c00000|
|  99|0x00000000c8d00000, 0x00000000c8d00000, 0x00000000c8e00000|  0%| F|  |TS 13|AC  0|TAMS 0x00000000c8d00000, 0x00000000c8d00000|
| 100|0x00000000c8e00000, 0x00000000c8e00000, 0x00000000c8f00000|  0%| F|  |TS 13|AC  0|TAMS 0x00000000c8e00000, 0x00000000c8e00000|
| 101|0x00000000c8f00000, 0x00000000c8f00000, 0x00000000c9000000|  0%| F|  |TS 13|AC  0|TAMS 0x00000000c8f00000, 0x00000000c8f00000|
| 102|0x00000000c9000000, 0x00000000c9000000, 0x00000000c9100000|  0%| F|  |TS 13|AC  0|TAMS 0x00000000c9000000, 0x00000000c9000000|
| 103|0x00000000c9100000, 0x00000000c9100000, 0x00000000c9200000|  0%| F|  |TS 13|AC  0|TAMS 0x00000000c9100000, 0x00000000c9100000|
| 104|0x00000000c9200000, 0x00000000c9200000, 0x00000000c9300000|  0%| F|  |TS 13|AC  0|TAMS 0x00000000c9200000, 0x00000000c9200000|
| 105|0x00000000c9300000, 0x00000000c9300000, 0x00000000c9400000|  0%| F|  |TS 13|AC  0|TAMS 0x00000000c9300000, 0x00000000c9300000|
| 106|0x00000000c9400000, 0x00000000c9400000, 0x00000000c9500000|  0%| F|  |TS 13|AC  0|TAMS 0x00000000c9400000, 0x00000000c9400000|
| 107|0x00000000c9500000, 0x00000000c9500000, 0x00000000c9600000|  0%| F|  |TS 13|AC  0|TAMS 0x00000000c9500000, 0x00000000c9500000|
| 108|0x00000000c9600000, 0x00000000c9600000, 0x00000000c9700000|  0%| F|  |TS 13|AC  0|TAMS 0x00000000c9600000, 0x00000000c9600000|
| 109|0x00000000c9700000, 0x00000000c9700000, 0x00000000c9800000|  0%| F|  |TS 13|AC  0|TAMS 0x00000000c9700000, 0x00000000c9700000|
| 110|0x00000000c9800000, 0x00000000c9800000, 0x00000000c9900000|  0%| F|  |TS 13|AC  0|TAMS 0x00000000c9800000, 0x00000000c9800000|
| 111|0x00000000c9900000, 0x00000000c9900000, 0x00000000c9a00000|  0%| F|  |TS 13|AC  0|TAMS 0x00000000c9900000, 0x00000000c9900000|
| 112|0x00000000c9a00000, 0x00000000c9a00000, 0x00000000c9b00000|  0%| F|  |TS 13|AC  0|TAMS 0x00000000c9a00000, 0x00000000c9a00000|
| 113|0x00000000c9b00000, 0x00000000c9b00000, 0x00000000c9c00000|  0%| F|  |TS 13|AC  0|TAMS 0x00000000c9b00000, 0x00000000c9b00000|
| 114|0x00000000c9c00000, 0x00000000c9c00000, 0x00000000c9d00000|  0%| F|  |TS 13|AC  0|TAMS 0x00000000c9c00000, 0x00000000c9c00000|
| 115|0x00000000c9d00000, 0x00000000c9d00000, 0x00000000c9e00000|  0%| F|  |TS 13|AC  0|TAMS 0x00000000c9d00000, 0x00000000c9d00000|
| 116|0x00000000c9e00000, 0x00000000c9e00000, 0x00000000c9f00000|  0%| F|  |TS 13|AC  0|TAMS 0x00000000c9e00000, 0x00000000c9e00000|
| 117|0x00000000c9f00000, 0x00000000c9f00000, 0x00000000ca000000|  0%| F|  |TS 13|AC  0|TAMS 0x00000000c9f00000, 0x00000000c9f00000|
| 118|0x00000000ca000000, 0x00000000ca000000, 0x00000000ca100000|  0%| F|  |TS 13|AC  0|TAMS 0x00000000ca000000, 0x00000000ca000000|
| 119|0x00000000ca100000, 0x00000000ca100000, 0x00000000ca200000|  0%| F|  |TS 13|AC  0|TAMS 0x00000000ca100000, 0x00000000ca100000|
| 120|0x00000000ca200000, 0x00000000ca200000, 0x00000000ca300000|  0%| F|  |TS 13|AC  0|TAMS 0x00000000ca200000, 0x00000000ca200000|
| 121|0x00000000ca300000, 0x00000000ca300000, 0x00000000ca400000|  0%| F|  |TS 13|AC  0|TAMS 0x00000000ca300000, 0x00000000ca300000|
| 122|0x00000000ca400000, 0x00000000ca400000, 0x00000000ca500000|  0%| F|  |TS 13|AC  0|TAMS 0x00000000ca400000, 0x00000000ca400000|
| 123|0x00000000ca500000, 0x00000000ca500000, 0x00000000ca600000|  0%| F|  |TS 13|AC  0|TAMS 0x00000000ca500000, 0x00000000ca500000|
| 124|0x00000000ca600000, 0x00000000ca600000, 0x00000000ca700000|  0%| F|  |TS 13|AC  0|TAMS 0x00000000ca600000, 0x00000000ca600000|
| 125|0x00000000ca700000, 0x00000000ca700000, 0x00000000ca800000|  0%| F|  |TS 13|AC  0|TAMS 0x00000000ca700000, 0x00000000ca700000|
| 126|0x00000000ca800000, 0x00000000ca800000, 0x00000000ca900000|  0%| F|  |TS 13|AC  0|TAMS 0x00000000ca800000, 0x00000000ca800000|
| 127|0x00000000ca900000, 0x00000000ca900000, 0x00000000caa00000|  0%| F|  |TS 13|AC  0|TAMS 0x00000000ca900000, 0x00000000ca900000|
| 128|0x00000000caa00000, 0x00000000caa00000, 0x00000000cab00000|  0%| F|  |TS 13|AC  0|TAMS 0x00000000caa00000, 0x00000000caa00000|
| 129|0x00000000cab00000, 0x00000000cab00000, 0x00000000cac00000|  0%| F|  |TS 13|AC  0|TAMS 0x00000000cab00000, 0x00000000cab00000|
| 130|0x00000000cac00000, 0x00000000cac00000, 0x00000000cad00000|  0%| F|  |TS 13|AC  0|TAMS 0x00000000cac00000, 0x00000000cac00000|
| 131|0x00000000cad00000, 0x00000000cad00000, 0x00000000cae00000|  0%| F|  |TS 13|AC  0|TAMS 0x00000000cad00000, 0x00000000cad00000|
| 132|0x00000000cae00000, 0x00000000cae00000, 0x00000000caf00000|  0%| F|  |TS 13|AC  0|TAMS 0x00000000cae00000, 0x00000000cae00000|
| 133|0x00000000caf00000, 0x00000000caf00000, 0x00000000cb000000|  0%| F|  |TS 13|AC  0|TAMS 0x00000000caf00000, 0x00000000caf00000|
| 134|0x00000000cb000000, 0x00000000cb000000, 0x00000000cb100000|  0%| F|  |TS 13|AC  0|TAMS 0x00000000cb000000, 0x00000000cb000000|
| 135|0x00000000cb100000, 0x00000000cb100000, 0x00000000cb200000|  0%| F|  |TS 13|AC  0|TAMS 0x00000000cb100000, 0x00000000cb100000|
| 136|0x00000000cb200000, 0x00000000cb200000, 0x00000000cb300000|  0%| F|  |TS 13|AC  0|TAMS 0x00000000cb200000, 0x00000000cb200000|
| 137|0x00000000cb300000, 0x00000000cb300000, 0x00000000cb400000|  0%| F|  |TS 13|AC  0|TAMS 0x00000000cb300000, 0x00000000cb300000|
| 138|0x00000000cb400000, 0x00000000cb400000, 0x00000000cb500000|  0%| F|  |TS 13|AC  0|TAMS 0x00000000cb400000, 0x00000000cb400000|
| 139|0x00000000cb500000, 0x00000000cb500000, 0x00000000cb600000|  0%| F|  |TS 13|AC  0|TAMS 0x00000000cb500000, 0x00000000cb500000|
| 140|0x00000000cb600000, 0x00000000cb600000, 0x00000000cb700000|  0%| F|  |TS 13|AC  0|TAMS 0x00000000cb600000, 0x00000000cb600000|
| 141|0x00000000cb700000, 0x00000000cb700000, 0x00000000cb800000|  0%| F|  |TS 13|AC  0|TAMS 0x00000000cb700000, 0x00000000cb700000|
| 142|0x00000000cb800000, 0x00000000cb800000, 0x00000000cb900000|  0%| F|  |TS 13|AC  0|TAMS 0x00000000cb800000, 0x00000000cb800000|
| 143|0x00000000cb900000, 0x00000000cb900000, 0x00000000cba00000|  0%| F|  |TS 13|AC  0|TAMS 0x00000000cb900000, 0x00000000cb900000|
| 144|0x00000000cba00000, 0x00000000cba00000, 0x00000000cbb00000|  0%| F|  |TS 13|AC  0|TAMS 0x00000000cba00000, 0x00000000cba00000|
| 145|0x00000000cbb00000, 0x00000000cbb00000, 0x00000000cbc00000|  0%| F|  |TS 17|AC  0|TAMS 0x00000000cbb00000, 0x00000000cbb00000|
| 146|0x00000000cbc00000, 0x00000000cbc00000, 0x00000000cbd00000|  0%| F|  |TS 16|AC  0|TAMS 0x00000000cbc00000, 0x00000000cbc00000|
| 147|0x00000000cbd00000, 0x00000000cbd00000, 0x00000000cbe00000|  0%| F|  |TS 16|AC  0|TAMS 0x00000000cbd00000, 0x00000000cbd00000|
| 148|0x00000000cbe00000, 0x00000000cbe00000, 0x00000000cbf00000|  0%| F|  |TS 16|AC  0|TAMS 0x00000000cbe00000, 0x00000000cbe00000|
| 149|0x00000000cbf00000, 0x00000000cbf00000, 0x00000000cc000000|  0%| F|  |TS 16|AC  0|TAMS 0x00000000cbf00000, 0x00000000cbf00000|
| 150|0x00000000cc000000, 0x00000000cc000000, 0x00000000cc100000|  0%| F|  |TS 16|AC  0|TAMS 0x00000000cc000000, 0x00000000cc000000|
| 151|0x00000000cc100000, 0x00000000cc100000, 0x00000000cc200000|  0%| F|  |TS 16|AC  0|TAMS 0x00000000cc100000, 0x00000000cc100000|
| 152|0x00000000cc200000, 0x00000000cc200000, 0x00000000cc300000|  0%| F|  |TS 16|AC  0|TAMS 0x00000000cc200000, 0x00000000cc200000|
| 153|0x00000000cc300000, 0x00000000cc300000, 0x00000000cc400000|  0%| F|  |TS 16|AC  0|TAMS 0x00000000cc300000, 0x00000000cc300000|
| 154|0x00000000cc400000, 0x00000000cc400000, 0x00000000cc500000|  0%| F|  |TS 16|AC  0|TAMS 0x00000000cc400000, 0x00000000cc400000|
| 155|0x00000000cc500000, 0x00000000cc500000, 0x00000000cc600000|  0%| F|  |TS 16|AC  0|TAMS 0x00000000cc500000, 0x00000000cc500000|
| 156|0x00000000cc600000, 0x00000000cc600000, 0x00000000cc700000|  0%| F|  |TS 16|AC  0|TAMS 0x00000000cc600000, 0x00000000cc600000|
| 157|0x00000000cc700000, 0x00000000cc700000, 0x00000000cc800000|  0%| F|  |TS 16|AC  0|TAMS 0x00000000cc700000, 0x00000000cc700000|
| 158|0x00000000cc800000, 0x00000000cc800000, 0x00000000cc900000|  0%| F|  |TS 16|AC  0|TAMS 0x00000000cc800000, 0x00000000cc800000|
| 159|0x00000000cc900000, 0x00000000cc900000, 0x00000000cca00000|  0%| F|  |TS 16|AC  0|TAMS 0x00000000cc900000, 0x00000000cc900000|
| 160|0x00000000cca00000, 0x00000000cca00000, 0x00000000ccb00000|  0%| F|  |TS 16|AC  0|TAMS 0x00000000cca00000, 0x00000000cca00000|
| 161|0x00000000ccb00000, 0x00000000ccb00000, 0x00000000ccc00000|  0%| F|  |TS 16|AC  0|TAMS 0x00000000ccb00000, 0x00000000ccb00000|
| 162|0x00000000ccc00000, 0x00000000ccc00000, 0x00000000ccd00000|  0%| F|  |TS 16|AC  0|TAMS 0x00000000ccc00000, 0x00000000ccc00000|
| 163|0x00000000ccd00000, 0x00000000ccd00000, 0x00000000cce00000|  0%| F|  |TS 16|AC  0|TAMS 0x00000000ccd00000, 0x00000000ccd00000|
| 164|0x00000000cce00000, 0x00000000cce00000, 0x00000000ccf00000|  0%| F|  |TS 16|AC  0|TAMS 0x00000000cce00000, 0x00000000cce00000|
| 165|0x00000000ccf00000, 0x00000000ccf00000, 0x00000000cd000000|  0%| F|  |TS 16|AC  0|TAMS 0x00000000ccf00000, 0x00000000ccf00000|
| 166|0x00000000cd000000, 0x00000000cd000000, 0x00000000cd100000|  0%| F|  |TS 16|AC  0|TAMS 0x00000000cd000000, 0x00000000cd000000|
| 167|0x00000000cd100000, 0x00000000cd100000, 0x00000000cd200000|  0%| F|  |TS 16|AC  0|TAMS 0x00000000cd100000, 0x00000000cd100000|
| 168|0x00000000cd200000, 0x00000000cd200000, 0x00000000cd300000|  0%| F|  |TS 16|AC  0|TAMS 0x00000000cd200000, 0x00000000cd200000|
| 169|0x00000000cd300000, 0x00000000cd300000, 0x00000000cd400000|  0%| F|  |TS 16|AC  0|TAMS 0x00000000cd300000, 0x00000000cd300000|
| 170|0x00000000cd400000, 0x00000000cd400000, 0x00000000cd500000|  0%| F|  |TS 16|AC  0|TAMS 0x00000000cd400000, 0x00000000cd400000|
| 171|0x00000000cd500000, 0x00000000cd500000, 0x00000000cd600000|  0%| F|  |TS 16|AC  0|TAMS 0x00000000cd500000, 0x00000000cd500000|
| 172|0x00000000cd600000, 0x00000000cd600000, 0x00000000cd700000|  0%| F|  |TS 16|AC  0|TAMS 0x00000000cd600000, 0x00000000cd600000|
| 173|0x00000000cd700000, 0x00000000cd700000, 0x00000000cd800000|  0%| F|  |TS 16|AC  0|TAMS 0x00000000cd700000, 0x00000000cd700000|
| 174|0x00000000cd800000, 0x00000000cd800000, 0x00000000cd900000|  0%| F|  |TS 16|AC  0|TAMS 0x00000000cd800000, 0x00000000cd800000|
| 175|0x00000000cd900000, 0x00000000cd900000, 0x00000000cda00000|  0%| F|  |TS 16|AC  0|TAMS 0x00000000cd900000, 0x00000000cd900000|
| 176|0x00000000cda00000, 0x00000000cda00000, 0x00000000cdb00000|  0%| F|  |TS 16|AC  0|TAMS 0x00000000cda00000, 0x00000000cda00000|
| 177|0x00000000cdb00000, 0x00000000cdb00000, 0x00000000cdc00000|  0%| F|  |TS 16|AC  0|TAMS 0x00000000cdb00000, 0x00000000cdb00000|
| 178|0x00000000cdc00000, 0x00000000cdc00000, 0x00000000cdd00000|  0%| F|  |TS 16|AC  0|TAMS 0x00000000cdc00000, 0x00000000cdc00000|
| 179|0x00000000cdd00000, 0x00000000cdd00000, 0x00000000cde00000|  0%| F|  |TS 16|AC  0|TAMS 0x00000000cdd00000, 0x00000000cdd00000|
| 180|0x00000000cde00000, 0x00000000cde00000, 0x00000000cdf00000|  0%| F|  |TS 16|AC  0|TAMS 0x00000000cde00000, 0x00000000cde00000|
| 181|0x00000000cdf00000, 0x00000000cdf00000, 0x00000000ce000000|  0%| F|  |TS 16|AC  0|TAMS 0x00000000cdf00000, 0x00000000cdf00000|
| 182|0x00000000ce000000, 0x00000000ce000000, 0x00000000ce100000|  0%| F|  |TS 16|AC  0|TAMS 0x00000000ce000000, 0x00000000ce000000|
| 183|0x00000000ce100000, 0x00000000ce100000, 0x00000000ce200000|  0%| F|  |TS 16|AC  0|TAMS 0x00000000ce100000, 0x00000000ce100000|
| 184|0x00000000ce200000, 0x00000000ce200000, 0x00000000ce300000|  0%| F|  |TS 16|AC  0|TAMS 0x00000000ce200000, 0x00000000ce200000|
| 185|0x00000000ce300000, 0x00000000ce300000, 0x00000000ce400000|  0%| F|  |TS 16|AC  0|TAMS 0x00000000ce300000, 0x00000000ce300000|
| 186|0x00000000ce400000, 0x00000000ce400000, 0x00000000ce500000|  0%| F|  |TS 16|AC  0|TAMS 0x00000000ce400000, 0x00000000ce400000|
| 187|0x00000000ce500000, 0x00000000ce500000, 0x00000000ce600000|  0%| F|  |TS 16|AC  0|TAMS 0x00000000ce500000, 0x00000000ce500000|
| 188|0x00000000ce600000, 0x00000000ce600000, 0x00000000ce700000|  0%| F|  |TS 16|AC  0|TAMS 0x00000000ce600000, 0x00000000ce600000|
| 189|0x00000000ce700000, 0x00000000ce700000, 0x00000000ce800000|  0%| F|  |TS 16|AC  0|TAMS 0x00000000ce700000, 0x00000000ce700000|
| 190|0x00000000ce800000, 0x00000000ce800000, 0x00000000ce900000|  0%| F|  |TS 16|AC  0|TAMS 0x00000000ce800000, 0x00000000ce800000|
| 191|0x00000000ce900000, 0x00000000ce900000, 0x00000000cea00000|  0%| F|  |TS 16|AC  0|TAMS 0x00000000ce900000, 0x00000000ce900000|
| 192|0x00000000cea00000, 0x00000000cea00000, 0x00000000ceb00000|  0%| F|  |TS 16|AC  0|TAMS 0x00000000cea00000, 0x00000000cea00000|
| 193|0x00000000ceb00000, 0x00000000ceb00000, 0x00000000cec00000|  0%| F|  |TS 16|AC  0|TAMS 0x00000000ceb00000, 0x00000000ceb00000|
| 194|0x00000000cec00000, 0x00000000cec00000, 0x00000000ced00000|  0%| F|  |TS 16|AC  0|TAMS 0x00000000cec00000, 0x00000000cec00000|
| 195|0x00000000ced00000, 0x00000000ced00000, 0x00000000cee00000|  0%| F|  |TS 16|AC  0|TAMS 0x00000000ced00000, 0x00000000ced00000|
| 196|0x00000000cee00000, 0x00000000cee00000, 0x00000000cef00000|  0%| F|  |TS 16|AC  0|TAMS 0x00000000cee00000, 0x00000000cee00000|
| 197|0x00000000cef00000, 0x00000000cef00000, 0x00000000cf000000|  0%| F|  |TS 16|AC  0|TAMS 0x00000000cef00000, 0x00000000cef00000|
| 198|0x00000000cf000000, 0x00000000cf000000, 0x00000000cf100000|  0%| F|  |TS 16|AC  0|TAMS 0x00000000cf000000, 0x00000000cf000000|
| 199|0x00000000cf100000, 0x00000000cf100000, 0x00000000cf200000|  0%| F|  |TS 16|AC  0|TAMS 0x00000000cf100000, 0x00000000cf100000|
| 200|0x00000000cf200000, 0x00000000cf200000, 0x00000000cf300000|  0%| F|  |TS 16|AC  0|TAMS 0x00000000cf200000, 0x00000000cf200000|
| 201|0x00000000cf300000, 0x00000000cf300000, 0x00000000cf400000|  0%| F|  |TS 16|AC  0|TAMS 0x00000000cf300000, 0x00000000cf300000|
| 202|0x00000000cf400000, 0x00000000cf400000, 0x00000000cf500000|  0%| F|  |TS 16|AC  0|TAMS 0x00000000cf400000, 0x00000000cf400000|
| 203|0x00000000cf500000, 0x00000000cf500000, 0x00000000cf600000|  0%| F|  |TS 16|AC  0|TAMS 0x00000000cf500000, 0x00000000cf500000|
| 204|0x00000000cf600000, 0x00000000cf600000, 0x00000000cf700000|  0%| F|  |TS 16|AC  0|TAMS 0x00000000cf600000, 0x00000000cf600000|
| 205|0x00000000cf700000, 0x00000000cf700000, 0x00000000cf800000|  0%| F|  |TS 16|AC  0|TAMS 0x00000000cf700000, 0x00000000cf700000|
| 206|0x00000000cf800000, 0x00000000cf800000, 0x00000000cf900000|  0%| F|  |TS 16|AC  0|TAMS 0x00000000cf800000, 0x00000000cf800000|
| 207|0x00000000cf900000, 0x00000000cf900000, 0x00000000cfa00000|  0%| F|  |TS 16|AC  0|TAMS 0x00000000cf900000, 0x00000000cf900000|
| 208|0x00000000cfa00000, 0x00000000cfa00000, 0x00000000cfb00000|  0%| F|  |TS 16|AC  0|TAMS 0x00000000cfa00000, 0x00000000cfa00000|
| 209|0x00000000cfb00000, 0x00000000cfb00000, 0x00000000cfc00000|  0%| F|  |TS 16|AC  0|TAMS 0x00000000cfb00000, 0x00000000cfb00000|
| 210|0x00000000cfc00000, 0x00000000cfc00000, 0x00000000cfd00000|  0%| F|  |TS 16|AC  0|TAMS 0x00000000cfc00000, 0x00000000cfc00000|
| 211|0x00000000cfd00000, 0x00000000cfd00000, 0x00000000cfe00000|  0%| F|  |TS 16|AC  0|TAMS 0x00000000cfd00000, 0x00000000cfd00000|
| 212|0x00000000cfe00000, 0x00000000cfe00000, 0x00000000cff00000|  0%| F|  |TS 16|AC  0|TAMS 0x00000000cfe00000, 0x00000000cfe00000|
| 213|0x00000000cff00000, 0x00000000cff00000, 0x00000000d0000000|  0%| F|  |TS 16|AC  0|TAMS 0x00000000cff00000, 0x00000000cff00000|
| 214|0x00000000d0000000, 0x00000000d0000000, 0x00000000d0100000|  0%| F|  |TS 19|AC  0|TAMS 0x00000000d0000000, 0x00000000d0000000|
| 215|0x00000000d0100000, 0x00000000d0100000, 0x00000000d0200000|  0%| F|  |TS 18|AC  0|TAMS 0x00000000d0100000, 0x00000000d0100000|
| 216|0x00000000d0200000, 0x00000000d0200000, 0x00000000d0300000|  0%| F|  |TS 18|AC  0|TAMS 0x00000000d0200000, 0x00000000d0200000|
| 217|0x00000000d0300000, 0x00000000d0300000, 0x00000000d0400000|  0%| F|  |TS 18|AC  0|TAMS 0x00000000d0300000, 0x00000000d0300000|
| 218|0x00000000d0400000, 0x00000000d0400000, 0x00000000d0500000|  0%| F|  |TS 18|AC  0|TAMS 0x00000000d0400000, 0x00000000d0400000|
| 219|0x00000000d0500000, 0x00000000d0500000, 0x00000000d0600000|  0%| F|  |TS 18|AC  0|TAMS 0x00000000d0500000, 0x00000000d0500000|
| 220|0x00000000d0600000, 0x00000000d0600000, 0x00000000d0700000|  0%| F|  |TS 18|AC  0|TAMS 0x00000000d0600000, 0x00000000d0600000|
| 221|0x00000000d0700000, 0x00000000d0700000, 0x00000000d0800000|  0%| F|  |TS 18|AC  0|TAMS 0x00000000d0700000, 0x00000000d0700000|
| 222|0x00000000d0800000, 0x00000000d0800000, 0x00000000d0900000|  0%| F|  |TS 18|AC  0|TAMS 0x00000000d0800000, 0x00000000d0800000|
| 223|0x00000000d0900000, 0x00000000d0900000, 0x00000000d0a00000|  0%| F|  |TS 18|AC  0|TAMS 0x00000000d0900000, 0x00000000d0900000|
| 224|0x00000000d0a00000, 0x00000000d0a00000, 0x00000000d0b00000|  0%| F|  |TS 18|AC  0|TAMS 0x00000000d0a00000, 0x00000000d0a00000|
| 225|0x00000000d0b00000, 0x00000000d0b00000, 0x00000000d0c00000|  0%| F|  |TS 18|AC  0|TAMS 0x00000000d0b00000, 0x00000000d0b00000|
| 226|0x00000000d0c00000, 0x00000000d0c00000, 0x00000000d0d00000|  0%| F|  |TS 18|AC  0|TAMS 0x00000000d0c00000, 0x00000000d0c00000|
| 227|0x00000000d0d00000, 0x00000000d0d00000, 0x00000000d0e00000|  0%| F|  |TS 18|AC  0|TAMS 0x00000000d0d00000, 0x00000000d0d00000|
| 228|0x00000000d0e00000, 0x00000000d0e00000, 0x00000000d0f00000|  0%| F|  |TS 18|AC  0|TAMS 0x00000000d0e00000, 0x00000000d0e00000|
| 229|0x00000000d0f00000, 0x00000000d0f00000, 0x00000000d1000000|  0%| F|  |TS 18|AC  0|TAMS 0x00000000d0f00000, 0x00000000d0f00000|
| 230|0x00000000d1000000, 0x00000000d1000000, 0x00000000d1100000|  0%| F|  |TS 18|AC  0|TAMS 0x00000000d1000000, 0x00000000d1000000|
| 231|0x00000000d1100000, 0x00000000d1100000, 0x00000000d1200000|  0%| F|  |TS 18|AC  0|TAMS 0x00000000d1100000, 0x00000000d1100000|
| 232|0x00000000d1200000, 0x00000000d1200000, 0x00000000d1300000|  0%| F|  |TS 18|AC  0|TAMS 0x00000000d1200000, 0x00000000d1200000|
| 233|0x00000000d1300000, 0x00000000d1300000, 0x00000000d1400000|  0%| F|  |TS 18|AC  0|TAMS 0x00000000d1300000, 0x00000000d1300000|
| 234|0x00000000d1400000, 0x00000000d1400000, 0x00000000d1500000|  0%| F|  |TS 18|AC  0|TAMS 0x00000000d1400000, 0x00000000d1400000|
| 235|0x00000000d1500000, 0x00000000d1500000, 0x00000000d1600000|  0%| F|  |TS 18|AC  0|TAMS 0x00000000d1500000, 0x00000000d1500000|
| 236|0x00000000d1600000, 0x00000000d1600000, 0x00000000d1700000|  0%| F|  |TS 18|AC  0|TAMS 0x00000000d1600000, 0x00000000d1600000|
| 237|0x00000000d1700000, 0x00000000d1700000, 0x00000000d1800000|  0%| F|  |TS 18|AC  0|TAMS 0x00000000d1700000, 0x00000000d1700000|
| 238|0x00000000d1800000, 0x00000000d1800000, 0x00000000d1900000|  0%| F|  |TS 18|AC  0|TAMS 0x00000000d1800000, 0x00000000d1800000|
| 239|0x00000000d1900000, 0x00000000d1900000, 0x00000000d1a00000|  0%| F|  |TS 18|AC  0|TAMS 0x00000000d1900000, 0x00000000d1900000|
| 240|0x00000000d1a00000, 0x00000000d1a00000, 0x00000000d1b00000|  0%| F|  |TS 18|AC  0|TAMS 0x00000000d1a00000, 0x00000000d1a00000|
| 241|0x00000000d1b00000, 0x00000000d1b00000, 0x00000000d1c00000|  0%| F|  |TS 18|AC  0|TAMS 0x00000000d1b00000, 0x00000000d1b00000|
| 242|0x00000000d1c00000, 0x00000000d1c00000, 0x00000000d1d00000|  0%| F|  |TS 18|AC  0|TAMS 0x00000000d1c00000, 0x00000000d1c00000|
| 243|0x00000000d1d00000, 0x00000000d1d00000, 0x00000000d1e00000|  0%| F|  |TS 18|AC  0|TAMS 0x00000000d1d00000, 0x00000000d1d00000|
| 244|0x00000000d1e00000, 0x00000000d1e00000, 0x00000000d1f00000|  0%| F|  |TS 18|AC  0|TAMS 0x00000000d1e00000, 0x00000000d1e00000|
| 245|0x00000000d1f00000, 0x00000000d1f00000, 0x00000000d2000000|  0%| F|  |TS 18|AC  0|TAMS 0x00000000d1f00000, 0x00000000d1f00000|
| 246|0x00000000d2000000, 0x00000000d2000000, 0x00000000d2100000|  0%| F|  |TS 18|AC  0|TAMS 0x00000000d2000000, 0x00000000d2000000|
| 247|0x00000000d2100000, 0x00000000d2100000, 0x00000000d2200000|  0%| F|  |TS 18|AC  0|TAMS 0x00000000d2100000, 0x00000000d2100000|
| 248|0x00000000d2200000, 0x00000000d2200000, 0x00000000d2300000|  0%| F|  |TS 18|AC  0|TAMS 0x00000000d2200000, 0x00000000d2200000|
| 249|0x00000000d2300000, 0x00000000d2300000, 0x00000000d2400000|  0%| F|  |TS 18|AC  0|TAMS 0x00000000d2300000, 0x00000000d2300000|
| 250|0x00000000d2400000, 0x00000000d2400000, 0x00000000d2500000|  0%| F|  |TS 18|AC  0|TAMS 0x00000000d2400000, 0x00000000d2400000|
| 251|0x00000000d2500000, 0x00000000d2500000, 0x00000000d2600000|  0%| F|  |TS 18|AC  0|TAMS 0x00000000d2500000, 0x00000000d2500000|
| 252|0x00000000d2600000, 0x00000000d2600000, 0x00000000d2700000|  0%| F|  |TS 18|AC  0|TAMS 0x00000000d2600000, 0x00000000d2600000|
| 253|0x00000000d2700000, 0x00000000d2700000, 0x00000000d2800000|  0%| F|  |TS 18|AC  0|TAMS 0x00000000d2700000, 0x00000000d2700000|
| 254|0x00000000d2800000, 0x00000000d2800000, 0x00000000d2900000|  0%| F|  |TS 18|AC  0|TAMS 0x00000000d2800000, 0x00000000d2800000|
| 255|0x00000000d2900000, 0x00000000d2900000, 0x00000000d2a00000|  0%| F|  |TS 18|AC  0|TAMS 0x00000000d2900000, 0x00000000d2900000|
| 256|0x00000000d2a00000, 0x00000000d2a00000, 0x00000000d2b00000|  0%| F|  |TS 18|AC  0|TAMS 0x00000000d2a00000, 0x00000000d2a00000|
| 257|0x00000000d2b00000, 0x00000000d2b00000, 0x00000000d2c00000|  0%| F|  |TS 18|AC  0|TAMS 0x00000000d2b00000, 0x00000000d2b00000|
| 258|0x00000000d2c00000, 0x00000000d2c00000, 0x00000000d2d00000|  0%| F|  |TS 18|AC  0|TAMS 0x00000000d2c00000, 0x00000000d2c00000|
| 259|0x00000000d2d00000, 0x00000000d2d00000, 0x00000000d2e00000|  0%| F|  |TS 18|AC  0|TAMS 0x00000000d2d00000, 0x00000000d2d00000|
| 260|0x00000000d2e00000, 0x00000000d2e00000, 0x00000000d2f00000|  0%| F|  |TS 18|AC  0|TAMS 0x00000000d2e00000, 0x00000000d2e00000|
| 261|0x00000000d2f00000, 0x00000000d2f00000, 0x00000000d3000000|  0%| F|  |TS 18|AC  0|TAMS 0x00000000d2f00000, 0x00000000d2f00000|
| 262|0x00000000d3000000, 0x00000000d3000000, 0x00000000d3100000|  0%| F|  |TS 18|AC  0|TAMS 0x00000000d3000000, 0x00000000d3000000|
| 263|0x00000000d3100000, 0x00000000d3100000, 0x00000000d3200000|  0%| F|  |TS 18|AC  0|TAMS 0x00000000d3100000, 0x00000000d3100000|
| 264|0x00000000d3200000, 0x00000000d3200000, 0x00000000d3300000|  0%| F|  |TS 18|AC  0|TAMS 0x00000000d3200000, 0x00000000d3200000|
| 265|0x00000000d3300000, 0x00000000d3300000, 0x00000000d3400000|  0%| F|  |TS 18|AC  0|TAMS 0x00000000d3300000, 0x00000000d3300000|
| 266|0x00000000d3400000, 0x00000000d3400000, 0x00000000d3500000|  0%| F|  |TS 18|AC  0|TAMS 0x00000000d3400000, 0x00000000d3400000|
| 267|0x00000000d3500000, 0x00000000d3500000, 0x00000000d3600000|  0%| F|  |TS 18|AC  0|TAMS 0x00000000d3500000, 0x00000000d3500000|
| 268|0x00000000d3600000, 0x00000000d3600000, 0x00000000d3700000|  0%| F|  |TS 18|AC  0|TAMS 0x00000000d3600000, 0x00000000d3600000|
| 269|0x00000000d3700000, 0x00000000d3700000, 0x00000000d3800000|  0%| F|  |TS 18|AC  0|TAMS 0x00000000d3700000, 0x00000000d3700000|
| 270|0x00000000d3800000, 0x00000000d3800000, 0x00000000d3900000|  0%| F|  |TS 18|AC  0|TAMS 0x00000000d3800000, 0x00000000d3800000|
| 271|0x00000000d3900000, 0x00000000d3900000, 0x00000000d3a00000|  0%| F|  |TS 18|AC  0|TAMS 0x00000000d3900000, 0x00000000d3900000|
| 272|0x00000000d3a00000, 0x00000000d3a00000, 0x00000000d3b00000|  0%| F|  |TS 18|AC  0|TAMS 0x00000000d3a00000, 0x00000000d3a00000|
| 273|0x00000000d3b00000, 0x00000000d3b00000, 0x00000000d3c00000|  0%| F|  |TS 18|AC  0|TAMS 0x00000000d3b00000, 0x00000000d3b00000|
| 274|0x00000000d3c00000, 0x00000000d3c00000, 0x00000000d3d00000|  0%| F|  |TS 18|AC  0|TAMS 0x00000000d3c00000, 0x00000000d3c00000|
| 275|0x00000000d3d00000, 0x00000000d3d00000, 0x00000000d3e00000|  0%| F|  |TS 18|AC  0|TAMS 0x00000000d3d00000, 0x00000000d3d00000|
| 276|0x00000000d3e00000, 0x00000000d3e00000, 0x00000000d3f00000|  0%| F|  |TS 18|AC  0|TAMS 0x00000000d3e00000, 0x00000000d3e00000|
| 277|0x00000000d3f00000, 0x00000000d3f00000, 0x00000000d4000000|  0%| F|  |TS 18|AC  0|TAMS 0x00000000d3f00000, 0x00000000d3f00000|
| 278|0x00000000d4000000, 0x00000000d4000000, 0x00000000d4100000|  0%| F|  |TS 18|AC  0|TAMS 0x00000000d4000000, 0x00000000d4000000|
| 279|0x00000000d4100000, 0x00000000d4100000, 0x00000000d4200000|  0%| F|  |TS 18|AC  0|TAMS 0x00000000d4100000, 0x00000000d4100000|
| 280|0x00000000d4200000, 0x00000000d4200000, 0x00000000d4300000|  0%| F|  |TS 18|AC  0|TAMS 0x00000000d4200000, 0x00000000d4200000|
| 281|0x00000000d4300000, 0x00000000d4300000, 0x00000000d4400000|  0%| F|  |TS 18|AC  0|TAMS 0x00000000d4300000, 0x00000000d4300000|
| 282|0x00000000d4400000, 0x00000000d4400000, 0x00000000d4500000|  0%| F|  |TS 18|AC  0|TAMS 0x00000000d4400000, 0x00000000d4400000|
| 283|0x00000000d4500000, 0x00000000d4500000, 0x00000000d4600000|  0%| F|  |TS 18|AC  0|TAMS 0x00000000d4500000, 0x00000000d4500000|
| 284|0x00000000d4600000, 0x00000000d4600000, 0x00000000d4700000|  0%| F|  |TS 18|AC  0|TAMS 0x00000000d4600000, 0x00000000d4600000|
| 285|0x00000000d4700000, 0x00000000d4700000, 0x00000000d4800000|  0%| F|  |TS 18|AC  0|TAMS 0x00000000d4700000, 0x00000000d4700000|
| 286|0x00000000d4800000, 0x00000000d4800000, 0x00000000d4900000|  0%| F|  |TS 18|AC  0|TAMS 0x00000000d4800000, 0x00000000d4800000|
| 287|0x00000000d4900000, 0x00000000d4900000, 0x00000000d4a00000|  0%| F|  |TS 18|AC  0|TAMS 0x00000000d4900000, 0x00000000d4900000|
| 288|0x00000000d4a00000, 0x00000000d4a00000, 0x00000000d4b00000|  0%| F|  |TS 18|AC  0|TAMS 0x00000000d4a00000, 0x00000000d4a00000|
| 289|0x00000000d4b00000, 0x00000000d4b00000, 0x00000000d4c00000|  0%| F|  |TS 18|AC  0|TAMS 0x00000000d4b00000, 0x00000000d4b00000|
| 290|0x00000000d4c00000, 0x00000000d4c00000, 0x00000000d4d00000|  0%| F|  |TS 18|AC  0|TAMS 0x00000000d4c00000, 0x00000000d4c00000|
| 291|0x00000000d4d00000, 0x00000000d4d00000, 0x00000000d4e00000|  0%| F|  |TS 18|AC  0|TAMS 0x00000000d4d00000, 0x00000000d4d00000|
| 292|0x00000000d4e00000, 0x00000000d4e00000, 0x00000000d4f00000|  0%| F|  |TS 18|AC  0|TAMS 0x00000000d4e00000, 0x00000000d4e00000|
| 293|0x00000000d4f00000, 0x00000000d4f00000, 0x00000000d5000000|  0%| F|  |TS 18|AC  0|TAMS 0x00000000d4f00000, 0x00000000d4f00000|
| 294|0x00000000d5000000, 0x00000000d5000000, 0x00000000d5100000|  0%| F|  |TS 18|AC  0|TAMS 0x00000000d5000000, 0x00000000d5000000|
| 295|0x00000000d5100000, 0x00000000d5100000, 0x00000000d5200000|  0%| F|  |TS 18|AC  0|TAMS 0x00000000d5100000, 0x00000000d5100000|
| 296|0x00000000d5200000, 0x00000000d5200000, 0x00000000d5300000|  0%| F|  |TS 18|AC  0|TAMS 0x00000000d5200000, 0x00000000d5200000|
| 297|0x00000000d5300000, 0x00000000d5300000, 0x00000000d5400000|  0%| F|  |TS 18|AC  0|TAMS 0x00000000d5300000, 0x00000000d5300000|
| 298|0x00000000d5400000, 0x00000000d5400000, 0x00000000d5500000|  0%| F|  |TS 18|AC  0|TAMS 0x00000000d5400000, 0x00000000d5400000|
| 299|0x00000000d5500000, 0x00000000d5500000, 0x00000000d5600000|  0%| F|  |TS 18|AC  0|TAMS 0x00000000d5500000, 0x00000000d5500000|
| 300|0x00000000d5600000, 0x00000000d5600000, 0x00000000d5700000|  0%| F|  |TS 18|AC  0|TAMS 0x00000000d5600000, 0x00000000d5600000|
| 301|0x00000000d5700000, 0x00000000d5700000, 0x00000000d5800000|  0%| F|  |TS 18|AC  0|TAMS 0x00000000d5700000, 0x00000000d5700000|
| 302|0x00000000d5800000, 0x00000000d5800000, 0x00000000d5900000|  0%| F|  |TS 18|AC  0|TAMS 0x00000000d5800000, 0x00000000d5800000|
| 303|0x00000000d5900000, 0x00000000d5900000, 0x00000000d5a00000|  0%| F|  |TS 18|AC  0|TAMS 0x00000000d5900000, 0x00000000d5900000|
| 304|0x00000000d5a00000, 0x00000000d5a00000, 0x00000000d5b00000|  0%| F|  |TS 18|AC  0|TAMS 0x00000000d5a00000, 0x00000000d5a00000|
| 305|0x00000000d5b00000, 0x00000000d5b00000, 0x00000000d5c00000|  0%| F|  |TS 18|AC  0|TAMS 0x00000000d5b00000, 0x00000000d5b00000|
| 306|0x00000000d5c00000, 0x00000000d5c00000, 0x00000000d5d00000|  0%| F|  |TS 18|AC  0|TAMS 0x00000000d5c00000, 0x00000000d5c00000|
| 307|0x00000000d5d00000, 0x00000000d5d00000, 0x00000000d5e00000|  0%| F|  |TS 18|AC  0|TAMS 0x00000000d5d00000, 0x00000000d5d00000|
| 308|0x00000000d5e00000, 0x00000000d5e00000, 0x00000000d5f00000|  0%| F|  |TS 18|AC  0|TAMS 0x00000000d5e00000, 0x00000000d5e00000|
| 309|0x00000000d5f00000, 0x00000000d5f00000, 0x00000000d6000000|  0%| F|  |TS 18|AC  0|TAMS 0x00000000d5f00000, 0x00000000d5f00000|
| 310|0x00000000d6000000, 0x00000000d6000000, 0x00000000d6100000|  0%| F|  |TS 18|AC  0|TAMS 0x00000000d6000000, 0x00000000d6000000|
| 311|0x00000000d6100000, 0x00000000d6100000, 0x00000000d6200000|  0%| F|  |TS 18|AC  0|TAMS 0x00000000d6100000, 0x00000000d6100000|
| 312|0x00000000d6200000, 0x00000000d6200000, 0x00000000d6300000|  0%| F|  |TS 18|AC  0|TAMS 0x00000000d6200000, 0x00000000d6200000|
| 313|0x00000000d6300000, 0x00000000d6300000, 0x00000000d6400000|  0%| F|  |TS 18|AC  0|TAMS 0x00000000d6300000, 0x00000000d6300000|
| 314|0x00000000d6400000, 0x00000000d6400000, 0x00000000d6500000|  0%| F|  |TS 18|AC  0|TAMS 0x00000000d6400000, 0x00000000d6400000|
| 315|0x00000000d6500000, 0x00000000d6500000, 0x00000000d6600000|  0%| F|  |TS 18|AC  0|TAMS 0x00000000d6500000, 0x00000000d6500000|
| 316|0x00000000d6600000, 0x00000000d6600000, 0x00000000d6700000|  0%| F|  |TS 18|AC  0|TAMS 0x00000000d6600000, 0x00000000d6600000|
| 317|0x00000000d6700000, 0x00000000d6700000, 0x00000000d6800000|  0%| F|  |TS 18|AC  0|TAMS 0x00000000d6700000, 0x00000000d6700000|
| 318|0x00000000d6800000, 0x00000000d6800000, 0x00000000d6900000|  0%| F|  |TS 18|AC  0|TAMS 0x00000000d6800000, 0x00000000d6800000|
| 319|0x00000000d6900000, 0x00000000d6900000, 0x00000000d6a00000|  0%| F|  |TS 18|AC  0|TAMS 0x00000000d6900000, 0x00000000d6900000|
| 320|0x00000000d6a00000, 0x00000000d6a00000, 0x00000000d6b00000|  0%| F|  |TS 18|AC  0|TAMS 0x00000000d6a00000, 0x00000000d6a00000|
| 321|0x00000000d6b00000, 0x00000000d6b00000, 0x00000000d6c00000|  0%| F|  |TS 18|AC  0|TAMS 0x00000000d6b00000, 0x00000000d6b00000|
| 322|0x00000000d6c00000, 0x00000000d6c00000, 0x00000000d6d00000|  0%| F|  |TS 18|AC  0|TAMS 0x00000000d6c00000, 0x00000000d6c00000|
| 323|0x00000000d6d00000, 0x00000000d6d00000, 0x00000000d6e00000|  0%| F|  |TS 18|AC  0|TAMS 0x00000000d6d00000, 0x00000000d6d00000|
| 324|0x00000000d6e00000, 0x00000000d6e00000, 0x00000000d6f00000|  0%| F|  |TS 18|AC  0|TAMS 0x00000000d6e00000, 0x00000000d6e00000|
| 325|0x00000000d6f00000, 0x00000000d6f00000, 0x00000000d7000000|  0%| F|  |TS 18|AC  0|TAMS 0x00000000d6f00000, 0x00000000d6f00000|
| 326|0x00000000d7000000, 0x00000000d7000000, 0x00000000d7100000|  0%| F|  |TS 18|AC  0|TAMS 0x00000000d7000000, 0x00000000d7000000|
| 327|0x00000000d7100000, 0x00000000d7100000, 0x00000000d7200000|  0%| F|  |TS 18|AC  0|TAMS 0x00000000d7100000, 0x00000000d7100000|
| 328|0x00000000d7200000, 0x00000000d7200000, 0x00000000d7300000|  0%| F|  |TS 18|AC  0|TAMS 0x00000000d7200000, 0x00000000d7200000|
| 329|0x00000000d7300000, 0x00000000d7300000, 0x00000000d7400000|  0%| F|  |TS 18|AC  0|TAMS 0x00000000d7300000, 0x00000000d7300000|
| 330|0x00000000d7400000, 0x00000000d7400000, 0x00000000d7500000|  0%| F|  |TS 18|AC  0|TAMS 0x00000000d7400000, 0x00000000d7400000|
| 331|0x00000000d7500000, 0x00000000d7500000, 0x00000000d7600000|  0%| F|  |TS 18|AC  0|TAMS 0x00000000d7500000, 0x00000000d7500000|
| 332|0x00000000d7600000, 0x00000000d7600000, 0x00000000d7700000|  0%| F|  |TS 18|AC  0|TAMS 0x00000000d7600000, 0x00000000d7600000|
| 333|0x00000000d7700000, 0x00000000d7700000, 0x00000000d7800000|  0%| F|  |TS 18|AC  0|TAMS 0x00000000d7700000, 0x00000000d7700000|
| 334|0x00000000d7800000, 0x00000000d7800000, 0x00000000d7900000|  0%| F|  |TS 18|AC  0|TAMS 0x00000000d7800000, 0x00000000d7800000|
| 335|0x00000000d7900000, 0x00000000d7900000, 0x00000000d7a00000|  0%| F|  |TS 18|AC  0|TAMS 0x00000000d7900000, 0x00000000d7900000|
| 336|0x00000000d7a00000, 0x00000000d7a00000, 0x00000000d7b00000|  0%| F|  |TS 18|AC  0|TAMS 0x00000000d7a00000, 0x00000000d7a00000|
| 337|0x00000000d7b00000, 0x00000000d7b00000, 0x00000000d7c00000|  0%| F|  |TS 18|AC  0|TAMS 0x00000000d7b00000, 0x00000000d7b00000|
| 338|0x00000000d7c00000, 0x00000000d7c00000, 0x00000000d7d00000|  0%| F|  |TS 18|AC  0|TAMS 0x00000000d7c00000, 0x00000000d7c00000|
| 339|0x00000000d7d00000, 0x00000000d7d00000, 0x00000000d7e00000|  0%| F|  |TS 18|AC  0|TAMS 0x00000000d7d00000, 0x00000000d7d00000|
| 340|0x00000000d7e00000, 0x00000000d7e00000, 0x00000000d7f00000|  0%| F|  |TS 18|AC  0|TAMS 0x00000000d7e00000, 0x00000000d7e00000|
| 341|0x00000000d7f00000, 0x00000000d7f00000, 0x00000000d8000000|  0%| F|  |TS 18|AC  0|TAMS 0x00000000d7f00000, 0x00000000d7f00000|
| 342|0x00000000d8000000, 0x00000000d8000000, 0x00000000d8100000|  0%| F|  |TS 18|AC  0|TAMS 0x00000000d8000000, 0x00000000d8000000|
| 343|0x00000000d8100000, 0x00000000d8100000, 0x00000000d8200000|  0%| F|  |TS 18|AC  0|TAMS 0x00000000d8100000, 0x00000000d8100000|
| 344|0x00000000d8200000, 0x00000000d8200000, 0x00000000d8300000|  0%| F|  |TS 18|AC  0|TAMS 0x00000000d8200000, 0x00000000d8200000|
| 345|0x00000000d8300000, 0x00000000d8302040, 0x00000000d8400000|  0%| S|CS|TS 19|AC  0|TAMS 0x00000000d8300000, 0x00000000d8300000|
| 346|0x00000000d8400000, 0x00000000d8400000, 0x00000000d8500000|  0%| F|  |TS 19|AC  0|TAMS 0x00000000d8400000, 0x00000000d8400000|
| 347|0x00000000d8500000, 0x00000000d8500000, 0x00000000d8600000|  0%| F|  |TS 19|AC  0|TAMS 0x00000000d8500000, 0x00000000d8500000|
| 348|0x00000000d8600000, 0x00000000d8600000, 0x00000000d8700000|  0%| F|  |TS 19|AC  0|TAMS 0x00000000d8600000, 0x00000000d8600000|
| 349|0x00000000d8700000, 0x00000000d8700000, 0x00000000d8800000|  0%| F|  |TS 19|AC  0|TAMS 0x00000000d8700000, 0x00000000d8700000|
| 350|0x00000000d8800000, 0x00000000d8800000, 0x00000000d8900000|  0%| F|  |TS 19|AC  0|TAMS 0x00000000d8800000, 0x00000000d8800000|
| 351|0x00000000d8900000, 0x00000000d8900000, 0x00000000d8a00000|  0%| F|  |TS 19|AC  0|TAMS 0x00000000d8900000, 0x00000000d8900000|
| 352|0x00000000d8a00000, 0x00000000d8a00000, 0x00000000d8b00000|  0%| F|  |TS 19|AC  0|TAMS 0x00000000d8a00000, 0x00000000d8a00000|
| 353|0x00000000d8b00000, 0x00000000d8b00000, 0x00000000d8c00000|  0%| F|  |TS 19|AC  0|TAMS 0x00000000d8b00000, 0x00000000d8b00000|
| 354|0x00000000d8c00000, 0x00000000d8c00000, 0x00000000d8d00000|  0%| F|  |TS 19|AC  0|TAMS 0x00000000d8c00000, 0x00000000d8c00000|
| 355|0x00000000d8d00000, 0x00000000d8d00000, 0x00000000d8e00000|  0%| F|  |TS 19|AC  0|TAMS 0x00000000d8d00000, 0x00000000d8d00000|
| 356|0x00000000d8e00000, 0x00000000d8e00000, 0x00000000d8f00000|  0%| F|  |TS 19|AC  0|TAMS 0x00000000d8e00000, 0x00000000d8e00000|
| 357|0x00000000d8f00000, 0x00000000d8f00000, 0x00000000d9000000|  0%| F|  |TS 19|AC  0|TAMS 0x00000000d8f00000, 0x00000000d8f00000|
| 358|0x00000000d9000000, 0x00000000d9000000, 0x00000000d9100000|  0%| F|  |TS 19|AC  0|TAMS 0x00000000d9000000, 0x00000000d9000000|
| 359|0x00000000d9100000, 0x00000000d9100000, 0x00000000d9200000|  0%| F|  |TS 19|AC  0|TAMS 0x00000000d9100000, 0x00000000d9100000|
| 360|0x00000000d9200000, 0x00000000d9200000, 0x00000000d9300000|  0%| F|  |TS 19|AC  0|TAMS 0x00000000d9200000, 0x00000000d9200000|
| 361|0x00000000d9300000, 0x00000000d9300000, 0x00000000d9400000|  0%| F|  |TS 19|AC  0|TAMS 0x00000000d9300000, 0x00000000d9300000|
| 362|0x00000000d9400000, 0x00000000d9400000, 0x00000000d9500000|  0%| F|  |TS 19|AC  0|TAMS 0x00000000d9400000, 0x00000000d9400000|

Card table byte_map: [0x00007fb55b93a000,0x00007fb55bb25000] byte_map_base: 0x00007fb55b325000

Marking Bits (Prev, Next): (CMBitMap*) 0x00007fb5740438b0, (CMBitMap*) 0x00007fb5740438e8
 Prev Bits: [0x00007fb55a7f7000, 0x00007fb55b74f000)
 Next Bits: [0x00007fb55989f000, 0x00007fb55a7f7000)

Polling page: 0x00007fb57ca51000

CodeHeap 'non-profiled nmethods': size=120032Kb used=257Kb max_used=257Kb free=119774Kb
 bounds [0x00007fb5635ed000, 0x00007fb56385d000, 0x00007fb56ab25000]
CodeHeap 'profiled nmethods': size=120032Kb used=449Kb max_used=449Kb free=119582Kb
 bounds [0x00007fb55c0b5000, 0x00007fb55c325000, 0x00007fb5635ed000]
CodeHeap 'non-nmethods': size=5696Kb used=1033Kb max_used=1067Kb free=4662Kb
 bounds [0x00007fb55bb25000, 0x00007fb55bd95000, 0x00007fb55c0b5000]
 total_blobs=795 nmethods=337 adapters=245
 compilation: enabled

Compilation events (10 events):
Event: 13.850 Thread 0x00007fb574100000 nmethod 334 0x00007fb563620010 code [0x00007fb563620240, 0x00007fb563621888]
Event: 13.850 Thread 0x00007fb574100000  335       4       heap.Scan::<init> (76 bytes)

[timeout occurred during error reporting in step "printing ring buffers"] after 41 s.
Dynamic libraries:
c2a00000-d9500000 rw-p 00000000 00:00 0 
e8d00000-100000000 ---p 00000000 00:00 0 
100000000-1000a0000 rw-p 00000000 00:00 0 
1000a0000-140000000 ---p 00000000 00:00 0 
5641407b6000-5641407b7000 r-xp 00000000 08:01 527390                     /usr/lib/jvm/java-11-openjdk-amd64/bin/java
5641409b7000-5641409b8000 r--p 00001000 08:01 527390                     /usr/lib/jvm/java-11-openjdk-amd64/bin/java
5641409b8000-5641409b9000 rw-p 00002000 08:01 527390                     /usr/lib/jvm/java-11-openjdk-amd64/bin/java
564141b0c000-564141b2d000 rw-p 00000000 00:00 0                          [heap]
7fb4f8000000-7fb4f8021000 rw-p 00000000 00:00 0 
7fb4f8021000-7fb4fc000000 ---p 00000000 00:00 0 
7fb4fc000000-7fb4fc021000 rw-p 00000000 00:00 0 
7fb4fc021000-7fb500000000 ---p 00000000 00:00 0 
7fb500000000-7fb500021000 rw-p 00000000 00:00 0 
7fb500021000-7fb504000000 ---p 00000000 00:00 0 
7fb504000000-7fb504021000 rw-p 00000000 00:00 0 
7fb504021000-7fb508000000 ---p 00000000 00:00 0 
7fb508000000-7fb508106000 rw-p 00000000 00:00 0 
7fb508106000-7fb50c000000 ---p 00000000 00:00 0 
7fb50c000000-7fb50c021000 rw-p 00000000 00:00 0 
7fb50c021000-7fb510000000 ---p 00000000 00:00 0 
7fb510000000-7fb510bfc000 rw-p 00000000 00:00 0 
7fb510bfc000-7fb514000000 ---p 00000000 00:00 0 
7fb514000000-7fb514cc6000 rw-p 00000000 00:00 0 
7fb514cc6000-7fb518000000 ---p 00000000 00:00 0 
7fb518000000-7fb518021000 rw-p 00000000 00:00 0 
7fb518021000-7fb51c000000 ---p 00000000 00:00 0 
7fb51c000000-7fb51c021000 rw-p 00000000 00:00 0 
7fb51c021000-7fb520000000 ---p 00000000 00:00 0 
7fb520000000-7fb52010a000 rw-p 00000000 00:00 0 
7fb52010a000-7fb524000000 ---p 00000000 00:00 0 
7fb524000000-7fb524021000 rw-p 00000000 00:00 0 
7fb524021000-7fb528000000 ---p 00000000 00:00 0 
7fb528000000-7fb528021000 rw-p 00000000 00:00 0 
7fb528021000-7fb52c000000 ---p 00000000 00:00 0 
7fb52c000000-7fb52c021000 rw-p 00000000 00:00 0 
7fb52c021000-7fb530000000 ---p 00000000 00:00 0 
7fb530000000-7fb530021000 rw-p 00000000 00:00 0 
7fb530021000-7fb534000000 ---p 00000000 00:00 0 
7fb534000000-7fb534021000 rw-p 00000000 00:00 0 
7fb534021000-7fb538000000 ---p 00000000 00:00 0 
7fb538000000-7fb538021000 rw-p 00000000 00:00 0 
7fb538021000-7fb53c000000 ---p 00000000 00:00 0 
7fb53c000000-7fb53c021000 rw-p 00000000 00:00 0 
7fb53c021000-7fb540000000 ---p 00000000 00:00 0 
7fb540d01000-7fb540d18000 r-xp 00000000 08:01 529477                     /usr/lib/jvm/java-11-openjdk-amd64/lib/libnet.so
7fb540d18000-7fb540f17000 ---p 00017000 08:01 529477                     /usr/lib/jvm/java-11-openjdk-amd64/lib/libnet.so
7fb540f17000-7fb540f18000 r--p 00016000 08:01 529477                     /usr/lib/jvm/java-11-openjdk-amd64/lib/libnet.so
7fb540f18000-7fb540f19000 rw-p 00017000 08:01 529477                     /usr/lib/jvm/java-11-openjdk-amd64/lib/libnet.so
7fb540f19000-7fb540f2a000 r-xp 00000000 08:01 529478                     /usr/lib/jvm/java-11-openjdk-amd64/lib/libnio.so
7fb540f2a000-7fb541129000 ---p 00011000 08:01 529478                     /usr/lib/jvm/java-11-openjdk-amd64/lib/libnio.so
7fb541129000-7fb54112a000 r--p 00010000 08:01 529478                     /usr/lib/jvm/java-11-openjdk-amd64/lib/libnio.so
7fb54112a000-7fb54112b000 rw-p 00011000 08:01 529478                     /usr/lib/jvm/java-11-openjdk-amd64/lib/libnio.so
7fb54112b000-7fb54112f000 ---p 00000000 00:00 0 
7fb54112f000-7fb54122c000 rw-p 00000000 00:00 0 
7fb54122c000-7fb54122d000 ---p 00000000 00:00 0 
7fb54122d000-7fb54132e000 rw-p 00000000 00:00 0 
7fb54132e000-7fb541332000 ---p 00000000 00:00 0 
7fb541332000-7fb54142f000 rw-p 00000000 00:00 0 
7fb54142f000-7fb541433000 ---p 00000000 00:00 0 
7fb541433000-7fb541530000 rw-p 00000000 00:00 0 
7fb541530000-7fb541534000 ---p 00000000 00:00 0 
7fb541534000-7fb541631000 rw-p 00000000 00:00 0 
7fb541631000-7fb542000000 r--p 00000000 08:01 268997                     /usr/lib/locale/locale-archive
7fb542000000-7fb544000000 rw-p 00000000 00:00 0 
7fb544000000-7fb544021000 rw-p 00000000 00:00 0 
7fb544021000-7fb548000000 ---p 00000000 00:00 0 
7fb548000000-7fb548021000 rw-p 00000000 00:00 0 
7fb548021000-7fb54c000000 ---p 00000000 00:00 0 
7fb54c000000-7fb54c021000 rw-p 00000000 00:00 0 
7fb54c021000-7fb550000000 ---p 00000000 00:00 0 
7fb550000000-7fb550021000 rw-p 00000000 00:00 0 
7fb550021000-7fb554000000 ---p 00000000 00:00 0 
7fb554000000-7fb554021000 rw-p 00000000 00:00 0 
7fb554021000-7fb558000000 ---p 00000000 00:00 0 
7fb558012000-7fb558016000 ---p 00000000 00:00 0 
7fb558016000-7fb558113000 rw-p 00000000 00:00 0 
7fb558113000-7fb558117000 ---p 00000000 00:00 0 
7fb558117000-7fb558214000 rw-p 00000000 00:00 0 
7fb558214000-7fb558218000 ---p 00000000 00:00 0 
7fb558218000-7fb558315000 rw-p 00000000 00:00 0 
7fb558315000-7fb558319000 ---p 00000000 00:00 0 
7fb558319000-7fb558416000 rw-p 00000000 00:00 0 
7fb558416000-7fb55841a000 ---p 00000000 00:00 0 
7fb55841a000-7fb558517000 rw-p 00000000 00:00 0 
7fb558517000-7fb558518000 ---p 00000000 00:00 0 
7fb558518000-7fb558c0f000 rw-p 00000000 00:00 0 
7fb558c0f000-7fb558e8f000 ---p 00000000 00:00 0 
7fb558e8f000-7fb558e90000 ---p 00000000 00:00 0 
7fb558e90000-7fb558f91000 rw-p 00000000 00:00 0 
7fb558f91000-7fb558f92000 ---p 00000000 00:00 0 
7fb558f92000-7fb559093000 rw-p 00000000 00:00 0 
7fb559093000-7fb559094000 ---p 00000000 00:00 0 
7fb559094000-7fb559195000 rw-p 00000000 00:00 0 
7fb559195000-7fb559196000 ---p 00000000 00:00 0 
7fb559196000-7fb559297000 rw-p 00000000 00:00 0 
7fb559297000-7fb559298000 ---p 00000000 00:00 0 
7fb559298000-7fb55979d000 rw-p 00000000 00:00 0 
7fb55979d000-7fb55979e000 ---p 00000000 00:00 0 
7fb55979e000-7fb559e4b000 rw-p 00000000 00:00 0 
7fb559e4b000-7fb55a7f7000 ---p 00000000 00:00 0 
7fb55a7f7000-7fb55ada3000 rw-p 00000000 00:00 0 
7fb55ada3000-7fb55b74f000 ---p 00000000 00:00 0 
7fb55b74f000-7fb55b805000 rw-p 00000000 00:00 0 
7fb55b805000-7fb55b93a000 ---p 00000000 00:00 0 
7fb55b93a000-7fb55b9f0000 rw-p 00000000 00:00 0 
7fb55b9f0000-7fb55bb25000 ---p 00000000 00:00 0 
7fb55bb25000-7fb55bd95000 rwxp 00000000 00:00 0 
7fb55bd95000-7fb55c0b5000 ---p 00000000 00:00 0 
7fb55c0b5000-7fb55c325000 rwxp 00000000 00:00 0 
7fb55c325000-7fb5635ed000 ---p 00000000 00:00 0 
7fb5635ed000-7fb56385d000 rwxp 00000000 00:00 0 
7fb56385d000-7fb56ab25000 ---p 00000000 00:00 0 
7fb56ab25000-7fb574000000 r--s 00000000 08:01 529487                     /usr/lib/jvm/java-11-openjdk-amd64/lib/modules
7fb574000000-7fb5741fb000 rw-p 00000000 00:00 0 
7fb5741fb000-7fb578000000 ---p 00000000 00:00 0 
7fb57800d000-7fb578068000 rw-p 00000000 00:00 0 
7fb578068000-7fb578069000 ---p 00000000 00:00 0 
7fb578069000-7fb578220000 rw-p 00000000 00:00 0 
7fb578220000-7fb578355000 ---p 00000000 00:00 0 
7fb578355000-7fb578759000 rw-p 00000000 00:00 0 
7fb578759000-7fb57875a000 ---p 00000000 00:00 0 
7fb57875a000-7fb57885b000 rw-p 00000000 00:00 0 
7fb57885b000-7fb57885c000 ---p 00000000 00:00 0 
7fb57885c000-7fb57895d000 rw-p 00000000 00:00 0 
7fb57895d000-7fb57895e000 ---p 00000000 00:00 0 
7fb57895e000-7fb578a5f000 rw-p 00000000 00:00 0 
7fb578a5f000-7fb578a60000 ---p 00000000 00:00 0 
7fb578a60000-7fb578b66000 rw-p 00000000 00:00 0 
7fb578b66000-7fb578c4c000 ---p 00000000 00:00 0 
7fb578c4c000-7fb578c51000 rw-p 00000000 00:00 0 
7fb578c51000-7fb578d37000 ---p 00000000 00:00 0 
7fb578d37000-7fb578d3c000 r-xp 00000000 08:01 529469                     /usr/lib/jvm/java-11-openjdk-amd64/lib/libjimage.so
7fb578d3c000-7fb578f3b000 ---p 00005000 08:01 529469                     /usr/lib/jvm/java-11-openjdk-amd64/lib/libjimage.so
7fb578f3b000-7fb578f3c000 r--p 00004000 08:01 529469                     /usr/lib/jvm/java-11-openjdk-amd64/lib/libjimage.so
7fb578f3c000-7fb578f3d000 rw-p 00005000 08:01 529469                     /usr/lib/jvm/java-11-openjdk-amd64/lib/libjimage.so
7fb578f3d000-7fb578f44000 r-xp 00000000 08:01 529486                     /usr/lib/jvm/java-11-openjdk-amd64/lib/libzip.so
7fb578f44000-7fb579143000 ---p 00007000 08:01 529486                     /usr/lib/jvm/java-11-openjdk-amd64/lib/libzip.so
7fb579143000-7fb579144000 r--p 00006000 08:01 529486                     /usr/lib/jvm/java-11-openjdk-amd64/lib/libzip.so
7fb579144000-7fb579145000 rw-p 00007000 08:01 529486                     /usr/lib/jvm/java-11-openjdk-amd64/lib/libzip.so
7fb579145000-7fb579150000 r-xp 00000000 08:01 1971814                    /lib/x86_64-linux-gnu/libnss_files-2.27.so
7fb579150000-7fb57934f000 ---p 0000b000 08:01 1971814                    /lib/x86_64-linux-gnu/libnss_files-2.27.so
7fb57934f000-7fb579350000 r--p 0000a000 08:01 1971814                    /lib/x86_64-linux-gnu/libnss_files-2.27.so
7fb579350000-7fb579351000 rw-p 0000b000 08:01 1971814                    /lib/x86_64-linux-gnu/libnss_files-2.27.so
7fb579351000-7fb579357000 rw-p 00000000 00:00 0 
7fb579357000-7fb57936e000 r-xp 00000000 08:01 1971808                    /lib/x86_64-linux-gnu/libnsl-2.27.so
7fb57936e000-7fb57956d000 ---p 00017000 08:01 1971808                    /lib/x86_64-linux-gnu/libnsl-2.27.so
7fb57956d000-7fb57956e000 r--p 00016000 08:01 1971808                    /lib/x86_64-linux-gnu/libnsl-2.27.so
7fb57956e000-7fb57956f000 rw-p 00017000 08:01 1971808                    /lib/x86_64-linux-gnu/libnsl-2.27.so
7fb57956f000-7fb579571000 rw-p 00000000 00:00 0 
7fb579571000-7fb57957c000 r-xp 00000000 08:01 1971825                    /lib/x86_64-linux-gnu/libnss_nis-2.27.so
7fb57957c000-7fb57977b000 ---p 0000b000 08:01 1971825                    /lib/x86_64-linux-gnu/libnss_nis-2.27.so
7fb57977b000-7fb57977c000 r--p 0000a000 08:01 1971825                    /lib/x86_64-linux-gnu/libnss_nis-2.27.so
7fb57977c000-7fb57977d000 rw-p 0000b000 08:01 1971825                    /lib/x86_64-linux-gnu/libnss_nis-2.27.so
7fb57977d000-7fb579785000 r-xp 00000000 08:01 1971810                    /lib/x86_64-linux-gnu/libnss_compat-2.27.so
7fb579785000-7fb579985000 ---p 00008000 08:01 1971810                    /lib/x86_64-linux-gnu/libnss_compat-2.27.so
7fb579985000-7fb579986000 r--p 00008000 08:01 1971810                    /lib/x86_64-linux-gnu/libnss_compat-2.27.so
7fb579986000-7fb579987000 rw-p 00009000 08:01 1971810                    /lib/x86_64-linux-gnu/libnss_compat-2.27.so
7fb579987000-7fb5799b3000 r-xp 00000000 08:01 529465                     /usr/lib/jvm/java-11-openjdk-amd64/lib/libjava.so
7fb5799b3000-7fb579bb2000 ---p 0002c000 08:01 529465                     /usr/lib/jvm/java-11-openjdk-amd64/lib/libjava.so
7fb579bb2000-7fb579bb3000 r--p 0002b000 08:01 529465                     /usr/lib/jvm/java-11-openjdk-amd64/lib/libjava.so
7fb579bb3000-7fb579bb5000 rw-p 0002c000 08:01 529465                     /usr/lib/jvm/java-11-openjdk-amd64/lib/libjava.so
7fb579bb5000-7fb579bc2000 r-xp 00000000 08:01 529485                     /usr/lib/jvm/java-11-openjdk-amd64/lib/libverify.so
7fb579bc2000-7fb579dc1000 ---p 0000d000 08:01 529485                     /usr/lib/jvm/java-11-openjdk-amd64/lib/libverify.so
7fb579dc1000-7fb579dc3000 r--p 0000c000 08:01 529485                     /usr/lib/jvm/java-11-openjdk-amd64/lib/libverify.so
7fb579dc3000-7fb579dc4000 rw-p 0000e000 08:01 529485                     /usr/lib/jvm/java-11-openjdk-amd64/lib/libverify.so
7fb579dc4000-7fb579dcb000 r-xp 00000000 08:01 1971865                    /lib/x86_64-linux-gnu/librt-2.27.so
7fb579dcb000-7fb579fca000 ---p 00007000 08:01 1971865                    /lib/x86_64-linux-gnu/librt-2.27.so
7fb579fca000-7fb579fcb000 r--p 00006000 08:01 1971865                    /lib/x86_64-linux-gnu/librt-2.27.so
7fb579fcb000-7fb579fcc000 rw-p 00007000 08:01 1971865                    /lib/x86_64-linux-gnu/librt-2.27.so
7fb579fcc000-7fb579fe3000 r-xp 00000000 08:01 1966176                    /lib/x86_64-linux-gnu/libgcc_s.so.1
7fb579fe3000-7fb57a1e2000 ---p 00017000 08:01 1966176                    /lib/x86_64-linux-gnu/libgcc_s.so.1
7fb57a1e2000-7fb57a1e3000 r--p 00016000 08:01 1966176                    /lib/x86_64-linux-gnu/libgcc_s.so.1
7fb57a1e3000-7fb57a1e4000 rw-p 00017000 08:01 1966176                    /lib/x86_64-linux-gnu/libgcc_s.so.1
7fb57a1e4000-7fb57a381000 r-xp 00000000 08:01 1971787                    /lib/x86_64-linux-gnu/libm-2.27.so
7fb57a381000-7fb57a580000 ---p 0019d000 08:01 1971787                    /lib/x86_64-linux-gnu/libm-2.27.so
7fb57a580000-7fb57a581000 r--p 0019c000 08:01 1971787                    /lib/x86_64-linux-gnu/libm-2.27.so
7fb57a581000-7fb57a582000 rw-p 0019d000 08:01 1971787                    /lib/x86_64-linux-gnu/libm-2.27.so
7fb57a582000-7fb57a6fb000 r-xp 00000000 08:01 262444                     /usr/lib/x86_64-linux-gnu/libstdc++.so.6.0.25
7fb57a6fb000-7fb57a8fb000 ---p 00179000 08:01 262444                     /usr/lib/x86_64-linux-gnu/libstdc++.so.6.0.25
7fb57a8fb000-7fb57a905000 r--p 00179000 08:01 262444                     /usr/lib/x86_64-linux-gnu/libstdc++.so.6.0.25
7fb57a905000-7fb57a907000 rw-p 00183000 08:01 262444                     /usr/lib/x86_64-linux-gnu/libstdc++.so.6.0.25
7fb57a907000-7fb57a90b000 rw-p 00000000 00:00 0 
7fb57a90b000-7fb57b8a8000 r-xp 00000000 08:01 529493                     /usr/lib/jvm/java-11-openjdk-amd64/lib/server/libjvm.so
7fb57b8a8000-7fb57baa8000 ---p 00f9d000 08:01 529493                     /usr/lib/jvm/java-11-openjdk-amd64/lib/server/libjvm.so
7fb57baa8000-7fb57bb6c000 r--p 00f9d000 08:01 529493                     /usr/lib/jvm/java-11-openjdk-amd64/lib/server/libjvm.so
7fb57bb6c000-7fb57bba4000 rw-p 01061000 08:01 529493                     /usr/lib/jvm/java-11-openjdk-amd64/lib/server/libjvm.so
7fb57bba4000-7fb57bbed000 rw-p 00000000 00:00 0 
7fb57bbed000-7fb57bc07000 r-xp 00000000 08:01 1971857                    /lib/x86_64-linux-gnu/libpthread-2.27.so
7fb57bc07000-7fb57be06000 ---p 0001a000 08:01 1971857                    /lib/x86_64-linux-gnu/libpthread-2.27.so
7fb57be06000-7fb57be07000 r--p 00019000 08:01 1971857                    /lib/x86_64-linux-gnu/libpthread-2.27.so
7fb57be07000-7fb57be08000 rw-p 0001a000 08:01 1971857                    /lib/x86_64-linux-gnu/libpthread-2.27.so
7fb57be08000-7fb57be0c000 rw-p 00000000 00:00 0 
7fb57be0c000-7fb57be0f000 r-xp 00000000 08:01 1971747                    /lib/x86_64-linux-gnu/libdl-2.27.so
7fb57be0f000-7fb57c00e000 ---p 00003000 08:01 1971747                    /lib/x86_64-linux-gnu/libdl-2.27.so
7fb57c00e000-7fb57c00f000 r--p 00002000 08:01 1971747                    /lib/x86_64-linux-gnu/libdl-2.27.so
7fb57c00f000-7fb57c010000 rw-p 00003000 08:01 1971747                    /lib/x86_64-linux-gnu/libdl-2.27.so
7fb57c010000-7fb57c02c000 r-xp 00000000 08:01 1971896                    /lib/x86_64-linux-gnu/libz.so.1.2.11
7fb57c02c000-7fb57c22b000 ---p 0001c000 08:01 1971896                    /lib/x86_64-linux-gnu/libz.so.1.2.11
7fb57c22b000-7fb57c22c000 r--p 0001b000 08:01 1971896                    /lib/x86_64-linux-gnu/libz.so.1.2.11
7fb57c22c000-7fb57c22d000 rw-p 0001c000 08:01 1971896                    /lib/x86_64-linux-gnu/libz.so.1.2.11
7fb57c22d000-7fb57c414000 r-xp 00000000 08:01 1971724                    /lib/x86_64-linux-gnu/libc-2.27.so
7fb57c414000-7fb57c614000 ---p 001e7000 08:01 1971724                    /lib/x86_64-linux-gnu/libc-2.27.so
7fb57c614000-7fb57c618000 r--p 001e7000 08:01 1971724                    /lib/x86_64-linux-gnu/libc-2.27.so
7fb57c618000-7fb57c61a000 rw-p 001eb000 08:01 1971724                    /lib/x86_64-linux-gnu/libc-2.27.so
7fb57c61a000-7fb57c61e000 rw-p 00000000 00:00 0 
7fb57c61e000-7fb57c62d000 r-xp 00000000 08:01 528636                     /usr/lib/jvm/java-11-openjdk-amd64/lib/jli/libjli.so
7fb57c62d000-7fb57c82c000 ---p 0000f000 08:01 528636                     /usr/lib/jvm/java-11-openjdk-amd64/lib/jli/libjli.so
7fb57c82c000-7fb57c82d000 r--p 0000e000 08:01 528636                     /usr/lib/jvm/java-11-openjdk-amd64/lib/jli/libjli.so
7fb57c82d000-7fb57c82e000 rw-p 0000f000 08:01 528636                     /usr/lib/jvm/java-11-openjdk-amd64/lib/jli/libjli.so
7fb57c82e000-7fb57c855000 r-xp 00000000 08:01 1971696                    /lib/x86_64-linux-gnu/ld-2.27.so
7fb57c857000-7fb57c85b000 ---p 00000000 00:00 0 
7fb57c85b000-7fb57c936000 rw-p 00000000 00:00 0 
7fb57c936000-7fb57c93d000 ---p 00000000 00:00 0 
7fb57c93d000-7fb57c941000 ---p 00000000 00:00 0 
7fb57c941000-7fb57ca40000 rw-p 00000000 00:00 0 
7fb57ca48000-7fb57ca49000 rw-p 00000000 00:00 0 
7fb57ca49000-7fb57ca51000 rw-s 00000000 08:01 1053230                    /tmp/hsperfdata_boukhary/15455
7fb57ca51000-7fb57ca52000 ---p 00000000 00:00 0 
7fb57ca52000-7fb57ca53000 r--p 00000000 00:00 0 
7fb57ca53000-7fb57ca55000 rw-p 00000000 00:00 0 
7fb57ca55000-7fb57ca56000 r--p 00027000 08:01 1971696                    /lib/x86_64-linux-gnu/ld-2.27.so
7fb57ca56000-7fb57ca57000 rw-p 00028000 08:01 1971696                    /lib/x86_64-linux-gnu/ld-2.27.so
7fb57ca57000-7fb57ca58000 rw-p 00000000 00:00 0 
7ffd22951000-7ffd22972000 rw-p 00000000 00:00 0                          [stack]
7ffd229e5000-7ffd229e8000 r--p 00000000 00:00 0                          [vvar]
7ffd229e8000-7ffd229ea000 r-xp 00000000 00:00 0                          [vdso]
ffffffffff600000-ffffffffff601000 r-xp 00000000 00:00 0                  [vsyscall]


VM Arguments:
jvm_args: -Dfile.encoding=UTF-8 
java_command: tests.ParserTest
java_class_path (initial): /home/boukhary/Desktop/NewJoinOperator/JoinAssignement/javaminibase/src
Launcher Type: SUN_STANDARD

Logging:
Log output configuration:
#0: stdout all=warning uptime,level,tags
#1: stderr all=off uptime,level,tags

Environment Variables:
PATH=/usr/local/sbin:/usr/local/bin:/usr/sbin:/usr/bin:/sbin:/bin:/usr/games:/usr/local/games:/snap/bin
USERNAME=boukhary
SHELL=/bin/bash
DISPLAY=:0

Signal Handlers:
SIGSEGV: [libjvm.so+0xd28b70], sa_mask[0]=11111111011111111101111111111110, sa_flags=SA_RESTART|SA_SIGINFO
SIGBUS: [libjvm.so+0xd28b70], sa_mask[0]=11111111011111111101111111111110, sa_flags=SA_RESTART|SA_SIGINFO
SIGFPE: [libjvm.so+0xd28b70], sa_mask[0]=11111111011111111101111111111110, sa_flags=SA_RESTART|SA_SIGINFO
SIGPIPE: [libjvm.so+0xb2a1f0], sa_mask[0]=11111111011111111101111111111110, sa_flags=SA_RESTART|SA_SIGINFO
SIGXFSZ: [libjvm.so+0xb2a1f0], sa_mask[0]=11111111011111111101111111111110, sa_flags=SA_RESTART|SA_SIGINFO
SIGILL: [libjvm.so+0xd28b70], sa_mask[0]=11111111011111111101111111111110, sa_flags=SA_RESTART|SA_SIGINFO
SIGUSR2: [libjvm.so+0xb2a030], sa_mask[0]=00100000000000000000000000000000, sa_flags=SA_RESTART|SA_SIGINFO
SIGHUP: [libjvm.so+0xb2a180], sa_mask[0]=11111111011111111101111111111110, sa_flags=SA_RESTART|SA_SIGINFO
SIGINT: [libjvm.so+0xb2a180], sa_mask[0]=11111111011111111101111111111110, sa_flags=SA_RESTART|SA_SIGINFO
SIGTERM: [libjvm.so+0xb2a180], sa_mask[0]=11111111011111111101111111111110, sa_flags=SA_RESTART|SA_SIGINFO
SIGQUIT: [libjvm.so+0xb2a180], sa_mask[0]=11111111011111111101111111111110, sa_flags=SA_RESTART|SA_SIGINFO


---------------  S Y S T E M  ---------------

OS:DISTRIB_ID=Ubuntu
DISTRIB_RELEASE=18.04
DISTRIB_CODENAME=bionic
DISTRIB_DESCRIPTION="Ubuntu 18.04.1 LTS"
uname:Linux 4.15.0-42-generic #45-Ubuntu SMP Thu Nov 15 19:32:57 UTC 2018 x86_64
libc:glibc 2.27 NPTL 2.27 
rlimit: STACK 8192k, CORE 0k, NPROC 15449, NOFILE 4096, AS infinity, DATA infinity, FSIZE infinity
load average:60.45 18.57 7.83

/proc/meminfo:
MemTotal:        4015680 kB
MemFree:          938084 kB
MemAvailable:     864916 kB
Buffers:            2464 kB
Cached:           123292 kB
SwapCached:        14412 kB
Active:          1868848 kB
Inactive:         591152 kB
Active(anon):    1863828 kB
Inactive(anon):   550968 kB
Active(file):       5020 kB
Inactive(file):    40184 kB
Unevictable:          48 kB
Mlocked:              48 kB
SwapTotal:       1942896 kB
SwapFree:            136 kB
Dirty:               208 kB
Writeback:           284 kB
AnonPages:       2320072 kB
Mapped:           108924 kB
Shmem:             80536 kB
Slab:             129208 kB
SReclaimable:      49192 kB
SUnreclaim:        80016 kB
KernelStack:       23328 kB
PageTables:        63028 kB
NFS_Unstable:          0 kB
Bounce:                0 kB
WritebackTmp:          0 kB
CommitLimit:     3950736 kB
Committed_AS:   10118000 kB
VmallocTotal:   34359738367 kB
VmallocUsed:           0 kB
VmallocChunk:          0 kB
HardwareCorrupted:     0 kB
AnonHugePages:         0 kB
ShmemHugePages:        0 kB
ShmemPmdMapped:        0 kB
CmaTotal:              0 kB
CmaFree:               0 kB
HugePages_Total:       0
HugePages_Free:        0
HugePages_Rsvd:        0
HugePages_Surp:        0
Hugepagesize:       2048 kB
DirectMap4k:      210752 kB
DirectMap2M:     3983360 kB
DirectMap1G:     2097152 kB

container (cgroup) information:
container_type: cgroupv1
cpu_cpuset_cpus: 0-3
cpu_memory_nodes: 0
active_processor_count: 4
cpu_quota: -1
cpu_period: 100000
cpu_shares: -1
memory_limit_in_bytes: -1
memory_and_swap_limit_in_bytes: -2
memory_soft_limit_in_bytes: -1
memory_usage_in_bytes: 2506211328
memory_max_usage_in_bytes: 137068544


CPU:total 4 (initial active 4) (4 cores per cpu, 1 threads per core) family 6 model 61 stepping 4, cmov, cx8, fxsr, mmx, sse, sse2, sse3, ssse3, sse4.1, sse4.2, popcnt, avx, avx2, aes, clmul, erms, 3dnowpref, lzcnt, tsc, tscinvbit, bmi1, bmi2, adx, fma
CPU Model and flags from /proc/cpuinfo:
model name	: Intel(R) Core(TM) i7-5500U CPU @ 2.40GHz
flags		: fpu vme de pse tsc msr pae mce cx8 apic sep mtrr pge mca cmov pat pse36 clflush dts mmx fxsr sse sse2 ss ht syscall nx pdpe1gb rdtscp lm constant_tsc arch_perfmon pebs bts nopl xtopology tsc_reliable nonstop_tsc cpuid aperfmperf pni pclmulqdq ssse3 fma cx16 pcid sse4_1 sse4_2 x2apic movbe popcnt tsc_deadline_timer aes xsave avx f16c rdrand hypervisor lahf_lm abm 3dnowprefetch cpuid_fault epb invpcid_single pti fsgsbase tsc_adjust bmi1 avx2 smep bmi2 invpcid rdseed adx smap xsaveopt dtherm ida arat pln pts

Memory: 4k page, physical 4015680k(937960k free), swap 1942896k(136k free)

vm_info: OpenJDK 64-Bit Server VM (10.0.2+13-Ubuntu-1ubuntu0.18.04.4) for linux-amd64 JRE (10.0.2+13-Ubuntu-1ubuntu0.18.04.4), built on Nov 13 2018 12:53:39 by "buildd" with gcc 7.3.0

END.
