#
# A fatal error has been detected by the Java Runtime Environment:
#
#  Internal Error (generateOopMap.cpp:2162), pid=6532, tid=6546
#  fatal error: Illegal class file encountered. Try running with -Xverify:all in method <init>
#
# JRE version: OpenJDK Runtime Environment (10.0.2+13) (build 10.0.2+13-Ubuntu-1ubuntu0.18.04.4)
# Java VM: OpenJDK 64-Bit Server VM (10.0.2+13-Ubuntu-1ubuntu0.18.04.4, mixed mode, tiered, compressed oops, g1 gc, linux-amd64)
# Core dump will be written. Default location: Core dumps may be processed with "/usr/share/apport/apport %p %s %c %d %P" (or dumping to /home/ouko/Desktop/DBSys_Assignment/NewJoinOperator/JoinAssignement/javaminibase/src/core.6532)
#
# If you would like to submit a bug report, please visit:
#   http://bugreport.java.com/bugreport/crash.jsp
#

---------------  S U M M A R Y ------------

Command Line: -agentlib:jdwp=transport=dt_socket,suspend=y,address=localhost:39063 -javaagent:/home/ouko/eclipse/java-2018-09/eclipse/configuration/org.eclipse.osgi/232/0/.cp/lib/javaagent-shaded.jar -Dfile.encoding=UTF-8 tests.ParserTest

Host: Intel(R) Core(TM) i7-6500U CPU @ 2.50GHz, 2 cores, 4G, Ubuntu 18.04.1 LTS
Time: Thu Dec 13 01:51:17 2018 PST elapsed time: 29 seconds (0d 0h 0m 29s)

---------------  T H R E A D  ---------------

Current thread (0x00007f1b4013a000):  VMThread "VM Thread" [stack: 0x00007f1b1c306000,0x00007f1b1c406000] [id=6546]

Stack: [0x00007f1b1c306000,0x00007f1b1c406000],  sp=0x00007f1b1c403f60,  free space=1015k
Native frames: (J=compiled Java code, A=aot compiled Java code, j=interpreted, Vv=VM code, C=native code)
V  [libjvm.so+0xd27ea4]
V  [libjvm.so+0xd28a0f]
V  [libjvm.so+0x64d328]
V  [libjvm.so+0x7a72e5]
V  [libjvm.so+0x7a73bb]
V  [libjvm.so+0x7ad4ff]
V  [libjvm.so+0x7ae9ae]
V  [libjvm.so+0x7aedb9]
V  [libjvm.so+0xb1f14a]
V  [libjvm.so+0xb1f7d1]
V  [libjvm.so+0xabde16]
V  [libjvm.so+0x95085c]
V  [libjvm.so+0xd38871]
V  [libjvm.so+0xd35b3b]
V  [libjvm.so+0xd3715e]
V  [libjvm.so+0xd37588]
V  [libjvm.so+0xb33d40]

VM_Operation (0x00007f1afb1269d0): GetOrSetLocal, mode: safepoint, requested by thread 0x00007f1b401ef000


---------------  P R O C E S S  ---------------

Threads class SMR info:
_java_thread_list=0x00007f1b402c96c0, length=12, elements={
0x00007f1b40013800, 0x00007f1b40143800, 0x00007f1b40145800, 0x00007f1b4014f000,
0x00007f1b40159000, 0x00007f1b4015b000, 0x00007f1b4015d000, 0x00007f1b401ef000,
0x00007f1b401f2800, 0x000055d058e8c800, 0x00007f1b40209800, 0x00007f1b402c8800
}

Java Threads: ( => current thread )
  0x00007f1b40013800 JavaThread "main" [_thread_blocked, id=6534, stack(0x00007f1b46c4d000,0x00007f1b46d4e000)]
  0x00007f1b40143800 JavaThread "Reference Handler" daemon [_thread_blocked, id=6547, stack(0x00007f1b1c203000,0x00007f1b1c304000)]
  0x00007f1b40145800 JavaThread "Finalizer" daemon [_thread_blocked, id=6548, stack(0x00007f1b1c102000,0x00007f1b1c203000)]
  0x00007f1b4014f000 JavaThread "Signal Dispatcher" daemon [_thread_blocked, id=6550, stack(0x00007f1b1c001000,0x00007f1b1c102000)]
  0x00007f1b40159000 JavaThread "C2 CompilerThread0" daemon [_thread_blocked, id=6551, stack(0x00007f1afb530000,0x00007f1afb631000)]
  0x00007f1b4015b000 JavaThread "C1 CompilerThread1" daemon [_thread_blocked, id=6552, stack(0x00007f1afb42f000,0x00007f1afb530000)]
  0x00007f1b4015d000 JavaThread "Sweeper thread" daemon [_thread_blocked, id=6553, stack(0x00007f1afb32e000,0x00007f1afb42f000)]
  0x00007f1b401ef000 JavaThread "JDWP Transport Listener: dt_socket" daemon [_thread_blocked, id=6556, stack(0x00007f1afb027000,0x00007f1afb128000)] _threads_hazard_ptr=0x00007f1b402c96c0
  0x00007f1b401f2800 JavaThread "JDWP Event Helper Thread" daemon [_thread_blocked, id=6558, stack(0x00007f1afaf26000,0x00007f1afb027000)]
  0x000055d058e8c800 JavaThread "JDWP Command Reader" daemon [_thread_in_native, id=6559, stack(0x00007f1afae25000,0x00007f1afaf26000)]
  0x00007f1b40209800 JavaThread "Common-Cleaner" daemon [_thread_blocked, id=6562, stack(0x00007f1afad24000,0x00007f1afae25000)]
  0x00007f1b402c8800 JavaThread "Service Thread" daemon [_thread_blocked, id=6565, stack(0x00007f1afa7f9000,0x00007f1afa8fa000)]

Other Threads:
=>0x00007f1b4013a000 VMThread "VM Thread" [stack: 0x00007f1b1c306000,0x00007f1b1c406000] [id=6546]
  0x00007f1b402ce000 WatcherThread [stack: 0x00007f1afa6f9000,0x00007f1afa7f9000] [id=6566]
  0x00007f1b4002a000 GCTaskThread "GC Thread#0" [stack: 0x00007f1b26379000,0x00007f1b26479000] [id=6536]
  0x00007f1b4002b800 GCTaskThread "GC Thread#1" [stack: 0x00007f1b26277000,0x00007f1b26377000] [id=6537]
  0x00007f1b4006f000 ConcurrentGCThread "G1 Main Marker" [stack: 0x00007f1b2455e000,0x00007f1b2465e000] [id=6539]
  0x00007f1b40071000 ConcurrentGCThread "G1 Conc#0" [stack: 0x00007f1b2445c000,0x00007f1b2455c000] [id=6541]
  0x00007f1b400af800 ConcurrentGCThread "G1 Refine#0" [stack: 0x00007f1b24158000,0x00007f1b24258000] [id=6542]
  0x00007f1b400b1000 ConcurrentGCThread "G1 Refine#1" [stack: 0x00007f1b24056000,0x00007f1b24156000] [id=6544]
  0x00007f1b400b3000 ConcurrentGCThread "G1 Young RemSet Sampling" [stack: 0x00007f1b1cc08000,0x00007f1b1cd08000] [id=6545]

Threads with active compile tasks:

VM state:at safepoint (normal execution)

VM Mutex/Monitor currently owned by a thread:  ([mutex/lock_event])
[0x00007f1b4000fa80] Threads_lock - owner thread: 0x00007f1b4013a000

Heap address: 0x00000000b4200000, size: 1214 MB, Compressed Oops mode: 32-bit
Narrow klass base: 0x0000000000000000, Narrow klass shift: 3
Compressed class space size: 1073741824 Address: 0x0000000100000000

Heap:
 garbage-first heap   total 77824K, used 5120K [0x00000000b4200000, 0x0000000100000000)
  region size 1024K, 6 young (6144K), 0 survivors (0K)
 Metaspace       used 8629K, capacity 8715K, committed 8960K, reserved 1056768K
  class space    used 699K, capacity 731K, committed 768K, reserved 1048576K
Heap Regions: E=young(eden), S=young(survivor), O=old, HS=humongous(starts), HC=humongous(continues), CS=collection set, F=free, A=archive, TS=gc time stamp, AC=allocation context, TAMS=top-at-mark-start (previous, next)
|   0|0x00000000b4200000, 0x00000000b4200000, 0x00000000b4300000|  0%| F|  |TS  0|AC  0|TAMS 0x00000000b4200000, 0x00000000b4200000|
|   1|0x00000000b4300000, 0x00000000b4300000, 0x00000000b4400000|  0%| F|  |TS  0|AC  0|TAMS 0x00000000b4300000, 0x00000000b4300000|
|   2|0x00000000b4400000, 0x00000000b4400000, 0x00000000b4500000|  0%| F|  |TS  0|AC  0|TAMS 0x00000000b4400000, 0x00000000b4400000|
|   3|0x00000000b4500000, 0x00000000b4500000, 0x00000000b4600000|  0%| F|  |TS  0|AC  0|TAMS 0x00000000b4500000, 0x00000000b4500000|
|   4|0x00000000b4600000, 0x00000000b4600000, 0x00000000b4700000|  0%| F|  |TS  0|AC  0|TAMS 0x00000000b4600000, 0x00000000b4600000|
|   5|0x00000000b4700000, 0x00000000b4700000, 0x00000000b4800000|  0%| F|  |TS  0|AC  0|TAMS 0x00000000b4700000, 0x00000000b4700000|
|   6|0x00000000b4800000, 0x00000000b4800000, 0x00000000b4900000|  0%| F|  |TS  0|AC  0|TAMS 0x00000000b4800000, 0x00000000b4800000|
|   7|0x00000000b4900000, 0x00000000b4900000, 0x00000000b4a00000|  0%| F|  |TS  0|AC  0|TAMS 0x00000000b4900000, 0x00000000b4900000|
|   8|0x00000000b4a00000, 0x00000000b4a00000, 0x00000000b4b00000|  0%| F|  |TS  0|AC  0|TAMS 0x00000000b4a00000, 0x00000000b4a00000|
|   9|0x00000000b4b00000, 0x00000000b4b00000, 0x00000000b4c00000|  0%| F|  |TS  0|AC  0|TAMS 0x00000000b4b00000, 0x00000000b4b00000|
|  10|0x00000000b4c00000, 0x00000000b4c00000, 0x00000000b4d00000|  0%| F|  |TS  0|AC  0|TAMS 0x00000000b4c00000, 0x00000000b4c00000|
|  11|0x00000000b4d00000, 0x00000000b4d00000, 0x00000000b4e00000|  0%| F|  |TS  0|AC  0|TAMS 0x00000000b4d00000, 0x00000000b4d00000|
|  12|0x00000000b4e00000, 0x00000000b4e00000, 0x00000000b4f00000|  0%| F|  |TS  0|AC  0|TAMS 0x00000000b4e00000, 0x00000000b4e00000|
|  13|0x00000000b4f00000, 0x00000000b4f00000, 0x00000000b5000000|  0%| F|  |TS  0|AC  0|TAMS 0x00000000b4f00000, 0x00000000b4f00000|
|  14|0x00000000b5000000, 0x00000000b5000000, 0x00000000b5100000|  0%| F|  |TS  0|AC  0|TAMS 0x00000000b5000000, 0x00000000b5000000|
|  15|0x00000000b5100000, 0x00000000b5100000, 0x00000000b5200000|  0%| F|  |TS  0|AC  0|TAMS 0x00000000b5100000, 0x00000000b5100000|
|  16|0x00000000b5200000, 0x00000000b5200000, 0x00000000b5300000|  0%| F|  |TS  0|AC  0|TAMS 0x00000000b5200000, 0x00000000b5200000|
|  17|0x00000000b5300000, 0x00000000b5300000, 0x00000000b5400000|  0%| F|  |TS  0|AC  0|TAMS 0x00000000b5300000, 0x00000000b5300000|
|  18|0x00000000b5400000, 0x00000000b5400000, 0x00000000b5500000|  0%| F|  |TS  0|AC  0|TAMS 0x00000000b5400000, 0x00000000b5400000|
|  19|0x00000000b5500000, 0x00000000b5500000, 0x00000000b5600000|  0%| F|  |TS  0|AC  0|TAMS 0x00000000b5500000, 0x00000000b5500000|
|  20|0x00000000b5600000, 0x00000000b5600000, 0x00000000b5700000|  0%| F|  |TS  0|AC  0|TAMS 0x00000000b5600000, 0x00000000b5600000|
|  21|0x00000000b5700000, 0x00000000b5700000, 0x00000000b5800000|  0%| F|  |TS  0|AC  0|TAMS 0x00000000b5700000, 0x00000000b5700000|
|  22|0x00000000b5800000, 0x00000000b5800000, 0x00000000b5900000|  0%| F|  |TS  0|AC  0|TAMS 0x00000000b5800000, 0x00000000b5800000|
|  23|0x00000000b5900000, 0x00000000b5900000, 0x00000000b5a00000|  0%| F|  |TS  0|AC  0|TAMS 0x00000000b5900000, 0x00000000b5900000|
|  24|0x00000000b5a00000, 0x00000000b5a00000, 0x00000000b5b00000|  0%| F|  |TS  0|AC  0|TAMS 0x00000000b5a00000, 0x00000000b5a00000|
|  25|0x00000000b5b00000, 0x00000000b5b00000, 0x00000000b5c00000|  0%| F|  |TS  0|AC  0|TAMS 0x00000000b5b00000, 0x00000000b5b00000|
|  26|0x00000000b5c00000, 0x00000000b5c00000, 0x00000000b5d00000|  0%| F|  |TS  0|AC  0|TAMS 0x00000000b5c00000, 0x00000000b5c00000|
|  27|0x00000000b5d00000, 0x00000000b5d00000, 0x00000000b5e00000|  0%| F|  |TS  0|AC  0|TAMS 0x00000000b5d00000, 0x00000000b5d00000|
|  28|0x00000000b5e00000, 0x00000000b5e00000, 0x00000000b5f00000|  0%| F|  |TS  0|AC  0|TAMS 0x00000000b5e00000, 0x00000000b5e00000|
|  29|0x00000000b5f00000, 0x00000000b5f00000, 0x00000000b6000000|  0%| F|  |TS  0|AC  0|TAMS 0x00000000b5f00000, 0x00000000b5f00000|
|  30|0x00000000b6000000, 0x00000000b6000000, 0x00000000b6100000|  0%| F|  |TS  0|AC  0|TAMS 0x00000000b6000000, 0x00000000b6000000|
|  31|0x00000000b6100000, 0x00000000b6100000, 0x00000000b6200000|  0%| F|  |TS  0|AC  0|TAMS 0x00000000b6100000, 0x00000000b6100000|
|  32|0x00000000b6200000, 0x00000000b6200000, 0x00000000b6300000|  0%| F|  |TS  0|AC  0|TAMS 0x00000000b6200000, 0x00000000b6200000|
|  33|0x00000000b6300000, 0x00000000b6300000, 0x00000000b6400000|  0%| F|  |TS  0|AC  0|TAMS 0x00000000b6300000, 0x00000000b6300000|
|  34|0x00000000b6400000, 0x00000000b6400000, 0x00000000b6500000|  0%| F|  |TS  0|AC  0|TAMS 0x00000000b6400000, 0x00000000b6400000|
|  35|0x00000000b6500000, 0x00000000b6500000, 0x00000000b6600000|  0%| F|  |TS  0|AC  0|TAMS 0x00000000b6500000, 0x00000000b6500000|
|  36|0x00000000b6600000, 0x00000000b6600000, 0x00000000b6700000|  0%| F|  |TS  0|AC  0|TAMS 0x00000000b6600000, 0x00000000b6600000|
|  37|0x00000000b6700000, 0x00000000b6700000, 0x00000000b6800000|  0%| F|  |TS  0|AC  0|TAMS 0x00000000b6700000, 0x00000000b6700000|
|  38|0x00000000b6800000, 0x00000000b6800000, 0x00000000b6900000|  0%| F|  |TS  0|AC  0|TAMS 0x00000000b6800000, 0x00000000b6800000|
|  39|0x00000000b6900000, 0x00000000b6900000, 0x00000000b6a00000|  0%| F|  |TS  0|AC  0|TAMS 0x00000000b6900000, 0x00000000b6900000|
|  40|0x00000000b6a00000, 0x00000000b6a00000, 0x00000000b6b00000|  0%| F|  |TS  0|AC  0|TAMS 0x00000000b6a00000, 0x00000000b6a00000|
|  41|0x00000000b6b00000, 0x00000000b6b00000, 0x00000000b6c00000|  0%| F|  |TS  0|AC  0|TAMS 0x00000000b6b00000, 0x00000000b6b00000|
|  42|0x00000000b6c00000, 0x00000000b6c00000, 0x00000000b6d00000|  0%| F|  |TS  0|AC  0|TAMS 0x00000000b6c00000, 0x00000000b6c00000|
|  43|0x00000000b6d00000, 0x00000000b6d00000, 0x00000000b6e00000|  0%| F|  |TS  0|AC  0|TAMS 0x00000000b6d00000, 0x00000000b6d00000|
|  44|0x00000000b6e00000, 0x00000000b6e00000, 0x00000000b6f00000|  0%| F|  |TS  0|AC  0|TAMS 0x00000000b6e00000, 0x00000000b6e00000|
|  45|0x00000000b6f00000, 0x00000000b6f00000, 0x00000000b7000000|  0%| F|  |TS  0|AC  0|TAMS 0x00000000b6f00000, 0x00000000b6f00000|
|  46|0x00000000b7000000, 0x00000000b7000000, 0x00000000b7100000|  0%| F|  |TS  0|AC  0|TAMS 0x00000000b7000000, 0x00000000b7000000|
|  47|0x00000000b7100000, 0x00000000b7100000, 0x00000000b7200000|  0%| F|  |TS  0|AC  0|TAMS 0x00000000b7100000, 0x00000000b7100000|
|  48|0x00000000b7200000, 0x00000000b7200000, 0x00000000b7300000|  0%| F|  |TS  0|AC  0|TAMS 0x00000000b7200000, 0x00000000b7200000|
|  49|0x00000000b7300000, 0x00000000b7300000, 0x00000000b7400000|  0%| F|  |TS  0|AC  0|TAMS 0x00000000b7300000, 0x00000000b7300000|
|  50|0x00000000b7400000, 0x00000000b7400000, 0x00000000b7500000|  0%| F|  |TS  0|AC  0|TAMS 0x00000000b7400000, 0x00000000b7400000|
|  51|0x00000000b7500000, 0x00000000b7500000, 0x00000000b7600000|  0%| F|  |TS  0|AC  0|TAMS 0x00000000b7500000, 0x00000000b7500000|
|  52|0x00000000b7600000, 0x00000000b7600000, 0x00000000b7700000|  0%| F|  |TS  0|AC  0|TAMS 0x00000000b7600000, 0x00000000b7600000|
|  53|0x00000000b7700000, 0x00000000b7700000, 0x00000000b7800000|  0%| F|  |TS  0|AC  0|TAMS 0x00000000b7700000, 0x00000000b7700000|
|  54|0x00000000b7800000, 0x00000000b7800000, 0x00000000b7900000|  0%| F|  |TS  0|AC  0|TAMS 0x00000000b7800000, 0x00000000b7800000|
|  55|0x00000000b7900000, 0x00000000b7900000, 0x00000000b7a00000|  0%| F|  |TS  0|AC  0|TAMS 0x00000000b7900000, 0x00000000b7900000|
|  56|0x00000000b7a00000, 0x00000000b7a00000, 0x00000000b7b00000|  0%| F|  |TS  0|AC  0|TAMS 0x00000000b7a00000, 0x00000000b7a00000|
|  57|0x00000000b7b00000, 0x00000000b7b00000, 0x00000000b7c00000|  0%| F|  |TS  0|AC  0|TAMS 0x00000000b7b00000, 0x00000000b7b00000|
|  58|0x00000000b7c00000, 0x00000000b7c00000, 0x00000000b7d00000|  0%| F|  |TS  0|AC  0|TAMS 0x00000000b7c00000, 0x00000000b7c00000|
|  59|0x00000000b7d00000, 0x00000000b7d00000, 0x00000000b7e00000|  0%| F|  |TS  0|AC  0|TAMS 0x00000000b7d00000, 0x00000000b7d00000|
|  60|0x00000000b7e00000, 0x00000000b7e00000, 0x00000000b7f00000|  0%| F|  |TS  0|AC  0|TAMS 0x00000000b7e00000, 0x00000000b7e00000|
|  61|0x00000000b7f00000, 0x00000000b7f00000, 0x00000000b8000000|  0%| F|  |TS  0|AC  0|TAMS 0x00000000b7f00000, 0x00000000b7f00000|
|  62|0x00000000b8000000, 0x00000000b8000000, 0x00000000b8100000|  0%| F|  |TS  0|AC  0|TAMS 0x00000000b8000000, 0x00000000b8000000|
|  63|0x00000000b8100000, 0x00000000b8100000, 0x00000000b8200000|  0%| F|  |TS  0|AC  0|TAMS 0x00000000b8100000, 0x00000000b8100000|
|  64|0x00000000b8200000, 0x00000000b8200000, 0x00000000b8300000|  0%| F|  |TS  0|AC  0|TAMS 0x00000000b8200000, 0x00000000b8200000|
|  65|0x00000000b8300000, 0x00000000b8300000, 0x00000000b8400000|  0%| F|  |TS  0|AC  0|TAMS 0x00000000b8300000, 0x00000000b8300000|
|  66|0x00000000b8400000, 0x00000000b8400000, 0x00000000b8500000|  0%| F|  |TS  0|AC  0|TAMS 0x00000000b8400000, 0x00000000b8400000|
|  67|0x00000000b8500000, 0x00000000b8500000, 0x00000000b8600000|  0%| F|  |TS  0|AC  0|TAMS 0x00000000b8500000, 0x00000000b8500000|
|  68|0x00000000b8600000, 0x00000000b8600000, 0x00000000b8700000|  0%| F|  |TS  0|AC  0|TAMS 0x00000000b8600000, 0x00000000b8600000|
|  69|0x00000000b8700000, 0x00000000b8700000, 0x00000000b8800000|  0%| F|  |TS  0|AC  0|TAMS 0x00000000b8700000, 0x00000000b8700000|
|  70|0x00000000b8800000, 0x00000000b8848b30, 0x00000000b8900000| 28%| E|  |TS  0|AC  0|TAMS 0x00000000b8800000, 0x00000000b8800000|
|  71|0x00000000b8900000, 0x00000000b8a00000, 0x00000000b8a00000|100%| E|CS|TS  0|AC  0|TAMS 0x00000000b8900000, 0x00000000b8900000|
|  72|0x00000000b8a00000, 0x00000000b8b00000, 0x00000000b8b00000|100%| E|CS|TS  0|AC  0|TAMS 0x00000000b8a00000, 0x00000000b8a00000|
|  73|0x00000000b8b00000, 0x00000000b8c00000, 0x00000000b8c00000|100%| E|CS|TS  0|AC  0|TAMS 0x00000000b8b00000, 0x00000000b8b00000|
|  74|0x00000000b8c00000, 0x00000000b8d00000, 0x00000000b8d00000|100%| E|CS|TS  0|AC  0|TAMS 0x00000000b8c00000, 0x00000000b8c00000|
|  75|0x00000000b8d00000, 0x00000000b8e00000, 0x00000000b8e00000|100%| E|CS|TS  0|AC  0|TAMS 0x00000000b8d00000, 0x00000000b8d00000|

Card table byte_map: [0x00007f1b25bb5000,0x00007f1b25e14000] byte_map_base: 0x00007f1b25614000

Marking Bits (Prev, Next): (CMBitMap*) 0x00007f1b4006e370, (CMBitMap*) 0x00007f1b4006e3a8
 Prev Bits: [0x00007f1b2465e000, 0x00007f1b25956000)
 Next Bits: [0x00007f1b1ed08000, 0x00007f1b20000000)

Polling page: 0x00007f1b46d61000

CodeHeap 'non-profiled nmethods': size=120036Kb used=133Kb max_used=133Kb free=119902Kb
 bounds [0x00007f1b2e116000, 0x00007f1b2e386000, 0x00007f1b3564f000]
CodeHeap 'profiled nmethods': size=120032Kb used=662Kb max_used=662Kb free=119369Kb
 bounds [0x00007f1b26bde000, 0x00007f1b26e4e000, 0x00007f1b2e116000]
CodeHeap 'non-nmethods': size=5692Kb used=1110Kb max_used=1124Kb free=4582Kb
 bounds [0x00007f1b2664f000, 0x00007f1b268bf000, 0x00007f1b26bde000]
 total_blobs=878 nmethods=376 adapters=267
 compilation: enabled

Compilation events (10 events):
Event: 29.250 Thread 0x00007f1b4015b000  406       3       org.eclipse.jdt.launching.internal.org.objectweb.asm.ClassReader::createLabel (21 bytes)
Event: 29.251 Thread 0x00007f1b4015b000 nmethod 406 0x00007f1b26bdf410 code [0x00007f1b26bdf600, 0x00007f1b26bdfaf0]
Event: 29.251 Thread 0x00007f1b4015b000  413       3       org.eclipse.jdt.launching.internal.org.objectweb.asm.MethodWriter::visitFieldInsn (258 bytes)
Event: 29.252 Thread 0x00007f1b4015b000 nmethod 413 0x00007f1b26be5f90 code [0x00007f1b26be6220, 0x00007f1b26be6e08]
Event: 29.252 Thread 0x00007f1b4015b000  414       3       org.eclipse.jdt.launching.internal.org.objectweb.asm.SymbolTable::addConstantFieldref (10 bytes)
Event: 29.252 Thread 0x00007f1b4015b000 nmethod 414 0x00007f1b26bde010 code [0x00007f1b26bde1c0, 0x00007f1b26bde388]
Event: 29.252 Thread 0x00007f1b4015b000  416       3       org.eclipse.jdt.launching.internal.org.objectweb.asm.MethodWriter::visitLocalVariable (222 bytes)
Event: 29.254 Thread 0x00007f1b4015b000 nmethod 416 0x00007f1b26c40190 code [0x00007f1b26c404e0, 0x00007f1b26c415d8]
Event: 29.254 Thread 0x00007f1b4015b000  411       3       org.eclipse.jdt.launching.internal.org.objectweb.asm.Label::put (83 bytes)
Event: 29.254 Thread 0x00007f1b4015b000 nmethod 411 0x00007f1b26beaf90 code [0x00007f1b26beb1c0, 0x00007f1b26beb618]

GC Heap History (0 events):
No events

Deoptimization events (3 events):
Event: 0.374 Thread 0x00007f1b40013800 Uncommon trap: reason=unstable_if action=reinterpret pc=0x00007f1b2e11a088 method=java.lang.String.hashCode()I @ 14 c2
Event: 0.700 Thread 0x00007f1b40013800 Uncommon trap: reason=unstable_if action=reinterpret pc=0x00007f1b2e125668 method=java.lang.String.isLatin1()Z @ 10 c2
Event: 0.700 Thread 0x00007f1b40013800 Uncommon trap: reason=unstable_if action=reinterpret pc=0x00007f1b2e1212fc method=java.lang.String.isLatin1()Z @ 10 c2

Classes redefined (1 events):
Event: 29.140 Thread 0x00007f1b4013a000 redefined class name=tests.QueryParser, count=1

Internal exceptions (1 events):
Event: 11.494 Thread 0x00007f1b40013800 Exception <a 'java/lang/NullPointerException'{0x00000000b8837dd0}> (0x00000000b8837dd0) thrown at [/build/openjdk-lts-Ae5PRQ/openjdk-lts-10.0.2+13/src/hotspot/share/interpreter/linkResolver.cpp, line 1324]

Events (10 events):
Event: 29.223 Executing VM operation: GetOwnedMonitorInfo done
Event: 29.223 Executing VM operation: GetCurrentContendedMonitor
Event: 29.223 Executing VM operation: GetCurrentContendedMonitor done
Event: 29.223 Executing VM operation: GetCurrentContendedMonitor
Event: 29.224 Executing VM operation: GetCurrentContendedMonitor done
Event: 29.225 Executing VM operation: GetOwnedMonitorInfo
Event: 29.225 Executing VM operation: GetOwnedMonitorInfo done
Event: 29.256 Executing VM operation: GetFrameLocation
Event: 29.256 Executing VM operation: GetFrameLocation done
Event: 29.256 Executing VM operation: GetOrSetLocal


Dynamic libraries:
b4200000-b8e00000 rw-p 00000000 00:00 0 
b8e00000-100000000 ---p 00000000 00:00 0 
100000000-1000c0000 rw-p 00000000 00:00 0 
1000c0000-140000000 ---p 00000000 00:00 0 
55d058ae7000-55d058ae8000 r-xp 00000000 08:01 530310                     /usr/lib/jvm/java-11-openjdk-amd64/bin/java
55d058ce8000-55d058ce9000 r--p 00001000 08:01 530310                     /usr/lib/jvm/java-11-openjdk-amd64/bin/java
55d058ce9000-55d058cea000 rw-p 00002000 08:01 530310                     /usr/lib/jvm/java-11-openjdk-amd64/bin/java
55d058e74000-55d058f03000 rw-p 00000000 00:00 0                          [heap]
7f1ae0000000-7f1ae0021000 rw-p 00000000 00:00 0 
7f1ae0021000-7f1ae4000000 ---p 00000000 00:00 0 
7f1ae8000000-7f1ae8390000 rw-p 00000000 00:00 0 
7f1ae8390000-7f1aec000000 ---p 00000000 00:00 0 
7f1aec000000-7f1aec65b000 rw-p 00000000 00:00 0 
7f1aec65b000-7f1af0000000 ---p 00000000 00:00 0 
7f1af0000000-7f1af0021000 rw-p 00000000 00:00 0 
7f1af0021000-7f1af4000000 ---p 00000000 00:00 0 
7f1af4000000-7f1af4021000 rw-p 00000000 00:00 0 
7f1af4021000-7f1af8000000 ---p 00000000 00:00 0 
7f1afa6f7000-7f1afa6f8000 ---p 00000000 00:00 0 
7f1afa6f8000-7f1afa7f9000 rw-p 00000000 00:00 0 
7f1afa7f9000-7f1afa7fd000 ---p 00000000 00:00 0 
7f1afa7fd000-7f1afa8fa000 rw-p 00000000 00:00 0 
7f1afa8fa000-7f1afa911000 r-xp 00000000 08:01 798874                     /usr/lib/jvm/java-11-openjdk-amd64/lib/libnet.so
7f1afa911000-7f1afab10000 ---p 00017000 08:01 798874                     /usr/lib/jvm/java-11-openjdk-amd64/lib/libnet.so
7f1afab10000-7f1afab11000 r--p 00016000 08:01 798874                     /usr/lib/jvm/java-11-openjdk-amd64/lib/libnet.so
7f1afab11000-7f1afab12000 rw-p 00017000 08:01 798874                     /usr/lib/jvm/java-11-openjdk-amd64/lib/libnet.so
7f1afab12000-7f1afab23000 r-xp 00000000 08:01 798875                     /usr/lib/jvm/java-11-openjdk-amd64/lib/libnio.so
7f1afab23000-7f1afad22000 ---p 00011000 08:01 798875                     /usr/lib/jvm/java-11-openjdk-amd64/lib/libnio.so
7f1afad22000-7f1afad23000 r--p 00010000 08:01 798875                     /usr/lib/jvm/java-11-openjdk-amd64/lib/libnio.so
7f1afad23000-7f1afad24000 rw-p 00011000 08:01 798875                     /usr/lib/jvm/java-11-openjdk-amd64/lib/libnio.so
7f1afad24000-7f1afad28000 ---p 00000000 00:00 0 
7f1afad28000-7f1afae25000 rw-p 00000000 00:00 0 
7f1afae25000-7f1afae29000 ---p 00000000 00:00 0 
7f1afae29000-7f1afaf26000 rw-p 00000000 00:00 0 
7f1afaf26000-7f1afaf2a000 ---p 00000000 00:00 0 
7f1afaf2a000-7f1afb027000 rw-p 00000000 00:00 0 
7f1afb027000-7f1afb02b000 ---p 00000000 00:00 0 
7f1afb02b000-7f1afb128000 rw-p 00000000 00:00 0 
7f1afb128000-7f1afb12d000 r-xp 00000000 08:01 798854                     /usr/lib/jvm/java-11-openjdk-amd64/lib/libdt_socket.so
7f1afb12d000-7f1afb32c000 ---p 00005000 08:01 798854                     /usr/lib/jvm/java-11-openjdk-amd64/lib/libdt_socket.so
7f1afb32c000-7f1afb32d000 r--p 00004000 08:01 798854                     /usr/lib/jvm/java-11-openjdk-amd64/lib/libdt_socket.so
7f1afb32d000-7f1afb32e000 rw-p 00005000 08:01 798854                     /usr/lib/jvm/java-11-openjdk-amd64/lib/libdt_socket.so
7f1afb32e000-7f1afb332000 ---p 00000000 00:00 0 
7f1afb332000-7f1afb42f000 rw-p 00000000 00:00 0 
7f1afb42f000-7f1afb433000 ---p 00000000 00:00 0 
7f1afb433000-7f1afb530000 rw-p 00000000 00:00 0 
7f1afb530000-7f1afb534000 ---p 00000000 00:00 0 
7f1afb534000-7f1afb631000 rw-p 00000000 00:00 0 
7f1afb631000-7f1afc000000 r--p 00000000 08:01 398651                     /usr/lib/locale/locale-archive
7f1afc000000-7f1afc021000 rw-p 00000000 00:00 0 
7f1afc021000-7f1b00000000 ---p 00000000 00:00 0 
7f1b00000000-7f1b00021000 rw-p 00000000 00:00 0 
7f1b00021000-7f1b04000000 ---p 00000000 00:00 0 
7f1b04000000-7f1b04021000 rw-p 00000000 00:00 0 
7f1b04021000-7f1b08000000 ---p 00000000 00:00 0 
7f1b08000000-7f1b08021000 rw-p 00000000 00:00 0 
7f1b08021000-7f1b0c000000 ---p 00000000 00:00 0 
7f1b0c000000-7f1b0c021000 rw-p 00000000 00:00 0 
7f1b0c021000-7f1b10000000 ---p 00000000 00:00 0 
7f1b10000000-7f1b10021000 rw-p 00000000 00:00 0 
7f1b10021000-7f1b14000000 ---p 00000000 00:00 0 
7f1b14000000-7f1b14021000 rw-p 00000000 00:00 0 
7f1b14021000-7f1b18000000 ---p 00000000 00:00 0 
7f1b18000000-7f1b18021000 rw-p 00000000 00:00 0 
7f1b18021000-7f1b1c000000 ---p 00000000 00:00 0 
7f1b1c001000-7f1b1c005000 ---p 00000000 00:00 0 
7f1b1c005000-7f1b1c102000 rw-p 00000000 00:00 0 
7f1b1c102000-7f1b1c106000 ---p 00000000 00:00 0 
7f1b1c106000-7f1b1c203000 rw-p 00000000 00:00 0 
7f1b1c203000-7f1b1c207000 ---p 00000000 00:00 0 
7f1b1c207000-7f1b1c304000 rw-p 00000000 00:00 0 
7f1b1c304000-7f1b1c305000 ---p 00000000 00:00 0 
7f1b1c305000-7f1b1cc06000 rw-p 00000000 00:00 0 
7f1b1cc06000-7f1b1cc07000 ---p 00000000 00:00 0 
7f1b1cc07000-7f1b1ee38000 rw-p 00000000 00:00 0 
7f1b1ee38000-7f1b20000000 ---p 00000000 00:00 0 
7f1b20000000-7f1b20021000 rw-p 00000000 00:00 0 
7f1b20021000-7f1b24000000 ---p 00000000 00:00 0 
7f1b24054000-7f1b24055000 ---p 00000000 00:00 0 
7f1b24055000-7f1b24156000 rw-p 00000000 00:00 0 
7f1b24156000-7f1b24157000 ---p 00000000 00:00 0 
7f1b24157000-7f1b2445a000 rw-p 00000000 00:00 0 
7f1b2445a000-7f1b2445b000 ---p 00000000 00:00 0 
7f1b2445b000-7f1b2455c000 rw-p 00000000 00:00 0 
7f1b2455c000-7f1b2455d000 ---p 00000000 00:00 0 
7f1b2455d000-7f1b2478e000 rw-p 00000000 00:00 0 
7f1b2478e000-7f1b25956000 ---p 00000000 00:00 0 
7f1b25956000-7f1b2597c000 rw-p 00000000 00:00 0 
7f1b2597c000-7f1b25bb5000 ---p 00000000 00:00 0 
7f1b25bb5000-7f1b25bdb000 rw-p 00000000 00:00 0 
7f1b25bdb000-7f1b25e14000 ---p 00000000 00:00 0 
7f1b25e14000-7f1b25e3a000 rw-p 00000000 00:00 0 
7f1b25e3a000-7f1b26073000 ---p 00000000 00:00 0 
7f1b26073000-7f1b26275000 rw-p 00000000 00:00 0 
7f1b26275000-7f1b26276000 ---p 00000000 00:00 0 
7f1b26276000-7f1b26377000 rw-p 00000000 00:00 0 
7f1b26377000-7f1b26378000 ---p 00000000 00:00 0 
7f1b26378000-7f1b2647e000 rw-p 00000000 00:00 0 
7f1b2647e000-7f1b26564000 ---p 00000000 00:00 0 
7f1b26564000-7f1b26569000 rw-p 00000000 00:00 0 
7f1b26569000-7f1b2664f000 ---p 00000000 00:00 0 
7f1b2664f000-7f1b268bf000 rwxp 00000000 00:00 0 
7f1b268bf000-7f1b26bde000 ---p 00000000 00:00 0 
7f1b26bde000-7f1b26e4e000 rwxp 00000000 00:00 0 
7f1b26e4e000-7f1b2e116000 ---p 00000000 00:00 0 
7f1b2e116000-7f1b2e386000 rwxp 00000000 00:00 0 
7f1b2e386000-7f1b3564f000 ---p 00000000 00:00 0 
7f1b3564f000-7f1b3eb2a000 r--s 00000000 08:01 798884                     /usr/lib/jvm/java-11-openjdk-amd64/lib/modules
7f1b3eb2a000-7f1b3eb2f000 r-xp 00000000 08:01 798866                     /usr/lib/jvm/java-11-openjdk-amd64/lib/libjimage.so
7f1b3eb2f000-7f1b3ed2e000 ---p 00005000 08:01 798866                     /usr/lib/jvm/java-11-openjdk-amd64/lib/libjimage.so
7f1b3ed2e000-7f1b3ed2f000 r--p 00004000 08:01 798866                     /usr/lib/jvm/java-11-openjdk-amd64/lib/libjimage.so
7f1b3ed2f000-7f1b3ed30000 rw-p 00005000 08:01 798866                     /usr/lib/jvm/java-11-openjdk-amd64/lib/libjimage.so
7f1b3ed30000-7f1b3ed37000 r-xp 00000000 08:01 798883                     /usr/lib/jvm/java-11-openjdk-amd64/lib/libzip.so
7f1b3ed37000-7f1b3ef36000 ---p 00007000 08:01 798883                     /usr/lib/jvm/java-11-openjdk-amd64/lib/libzip.so
7f1b3ef36000-7f1b3ef37000 r--p 00006000 08:01 798883                     /usr/lib/jvm/java-11-openjdk-amd64/lib/libzip.so
7f1b3ef37000-7f1b3ef38000 rw-p 00007000 08:01 798883                     /usr/lib/jvm/java-11-openjdk-amd64/lib/libzip.so
7f1b3ef38000-7f1b3ef43000 r-xp 00000000 08:01 137332                     /lib/x86_64-linux-gnu/libnss_files-2.27.so
7f1b3ef43000-7f1b3f142000 ---p 0000b000 08:01 137332                     /lib/x86_64-linux-gnu/libnss_files-2.27.so
7f1b3f142000-7f1b3f143000 r--p 0000a000 08:01 137332                     /lib/x86_64-linux-gnu/libnss_files-2.27.so
7f1b3f143000-7f1b3f144000 rw-p 0000b000 08:01 137332                     /lib/x86_64-linux-gnu/libnss_files-2.27.so
7f1b3f144000-7f1b3f14a000 rw-p 00000000 00:00 0 
7f1b3f14a000-7f1b3f161000 r-xp 00000000 08:01 137326                     /lib/x86_64-linux-gnu/libnsl-2.27.so
7f1b3f161000-7f1b3f360000 ---p 00017000 08:01 137326                     /lib/x86_64-linux-gnu/libnsl-2.27.so
7f1b3f360000-7f1b3f361000 r--p 00016000 08:01 137326                     /lib/x86_64-linux-gnu/libnsl-2.27.so
7f1b3f361000-7f1b3f362000 rw-p 00017000 08:01 137326                     /lib/x86_64-linux-gnu/libnsl-2.27.so
7f1b3f362000-7f1b3f364000 rw-p 00000000 00:00 0 
7f1b3f364000-7f1b3f36f000 r-xp 00000000 08:01 137343                     /lib/x86_64-linux-gnu/libnss_nis-2.27.so
7f1b3f36f000-7f1b3f56e000 ---p 0000b000 08:01 137343                     /lib/x86_64-linux-gnu/libnss_nis-2.27.so
7f1b3f56e000-7f1b3f56f000 r--p 0000a000 08:01 137343                     /lib/x86_64-linux-gnu/libnss_nis-2.27.so
7f1b3f56f000-7f1b3f570000 rw-p 0000b000 08:01 137343                     /lib/x86_64-linux-gnu/libnss_nis-2.27.so
7f1b3f570000-7f1b3f578000 r-xp 00000000 08:01 137328                     /lib/x86_64-linux-gnu/libnss_compat-2.27.so
7f1b3f578000-7f1b3f778000 ---p 00008000 08:01 137328                     /lib/x86_64-linux-gnu/libnss_compat-2.27.so
7f1b3f778000-7f1b3f779000 r--p 00008000 08:01 137328                     /lib/x86_64-linux-gnu/libnss_compat-2.27.so
7f1b3f779000-7f1b3f77a000 rw-p 00009000 08:01 137328                     /lib/x86_64-linux-gnu/libnss_compat-2.27.so
7f1b3f77a000-7f1b3f784000 r-xp 00000000 08:01 798857                     /usr/lib/jvm/java-11-openjdk-amd64/lib/libinstrument.so
7f1b3f784000-7f1b3f983000 ---p 0000a000 08:01 798857                     /usr/lib/jvm/java-11-openjdk-amd64/lib/libinstrument.so
7f1b3f983000-7f1b3f984000 r--p 00009000 08:01 798857                     /usr/lib/jvm/java-11-openjdk-amd64/lib/libinstrument.so
7f1b3f984000-7f1b3f985000 rw-p 0000a000 08:01 798857                     /usr/lib/jvm/java-11-openjdk-amd64/lib/libinstrument.so
7f1b3f985000-7f1b3f9c2000 r-xp 00000000 08:01 798865                     /usr/lib/jvm/java-11-openjdk-amd64/lib/libjdwp.so
7f1b3f9c2000-7f1b3fbc1000 ---p 0003d000 08:01 798865                     /usr/lib/jvm/java-11-openjdk-amd64/lib/libjdwp.so
7f1b3fbc1000-7f1b3fbc2000 r--p 0003c000 08:01 798865                     /usr/lib/jvm/java-11-openjdk-amd64/lib/libjdwp.so
7f1b3fbc2000-7f1b3fbc3000 rw-p 0003d000 08:01 798865                     /usr/lib/jvm/java-11-openjdk-amd64/lib/libjdwp.so
7f1b3fbc3000-7f1b3fbef000 r-xp 00000000 08:01 798862                     /usr/lib/jvm/java-11-openjdk-amd64/lib/libjava.so
7f1b3fbef000-7f1b3fdee000 ---p 0002c000 08:01 798862                     /usr/lib/jvm/java-11-openjdk-amd64/lib/libjava.so
7f1b3fdee000-7f1b3fdef000 r--p 0002b000 08:01 798862                     /usr/lib/jvm/java-11-openjdk-amd64/lib/libjava.so
7f1b3fdef000-7f1b3fdf1000 rw-p 0002c000 08:01 798862                     /usr/lib/jvm/java-11-openjdk-amd64/lib/libjava.so
7f1b3fdf1000-7f1b3fdfe000 r-xp 00000000 08:01 798882                     /usr/lib/jvm/java-11-openjdk-amd64/lib/libverify.so
7f1b3fdfe000-7f1b3fffd000 ---p 0000d000 08:01 798882                     /usr/lib/jvm/java-11-openjdk-amd64/lib/libverify.so
7f1b3fffd000-7f1b3ffff000 r--p 0000c000 08:01 798882                     /usr/lib/jvm/java-11-openjdk-amd64/lib/libverify.so
7f1b3ffff000-7f1b40000000 rw-p 0000e000 08:01 798882                     /usr/lib/jvm/java-11-openjdk-amd64/lib/libverify.so
7f1b40000000-7f1b40372000 rw-p 00000000 00:00 0 
7f1b40372000-7f1b44000000 ---p 00000000 00:00 0 
7f1b4405e000-7f1b440d4000 rw-p 00000000 00:00 0 
7f1b440d4000-7f1b440db000 r-xp 00000000 08:01 137383                     /lib/x86_64-linux-gnu/librt-2.27.so
7f1b440db000-7f1b442da000 ---p 00007000 08:01 137383                     /lib/x86_64-linux-gnu/librt-2.27.so
7f1b442da000-7f1b442db000 r--p 00006000 08:01 137383                     /lib/x86_64-linux-gnu/librt-2.27.so
7f1b442db000-7f1b442dc000 rw-p 00007000 08:01 137383                     /lib/x86_64-linux-gnu/librt-2.27.so
7f1b442dc000-7f1b442f3000 r-xp 00000000 08:01 136785                     /lib/x86_64-linux-gnu/libgcc_s.so.1
7f1b442f3000-7f1b444f2000 ---p 00017000 08:01 136785                     /lib/x86_64-linux-gnu/libgcc_s.so.1
7f1b444f2000-7f1b444f3000 r--p 00016000 08:01 136785                     /lib/x86_64-linux-gnu/libgcc_s.so.1
7f1b444f3000-7f1b444f4000 rw-p 00017000 08:01 136785                     /lib/x86_64-linux-gnu/libgcc_s.so.1
7f1b444f4000-7f1b44691000 r-xp 00000000 08:01 137305                     /lib/x86_64-linux-gnu/libm-2.27.so
7f1b44691000-7f1b44890000 ---p 0019d000 08:01 137305                     /lib/x86_64-linux-gnu/libm-2.27.so
7f1b44890000-7f1b44891000 r--p 0019c000 08:01 137305                     /lib/x86_64-linux-gnu/libm-2.27.so
7f1b44891000-7f1b44892000 rw-p 0019d000 08:01 137305                     /lib/x86_64-linux-gnu/libm-2.27.so
7f1b44892000-7f1b44a0b000 r-xp 00000000 08:01 395422                     /usr/lib/x86_64-linux-gnu/libstdc++.so.6.0.25
7f1b44a0b000-7f1b44c0b000 ---p 00179000 08:01 395422                     /usr/lib/x86_64-linux-gnu/libstdc++.so.6.0.25
7f1b44c0b000-7f1b44c15000 r--p 00179000 08:01 395422                     /usr/lib/x86_64-linux-gnu/libstdc++.so.6.0.25
7f1b44c15000-7f1b44c17000 rw-p 00183000 08:01 395422                     /usr/lib/x86_64-linux-gnu/libstdc++.so.6.0.25
7f1b44c17000-7f1b44c1b000 rw-p 00000000 00:00 0 
7f1b44c1b000-7f1b45bb8000 r-xp 00000000 08:01 798887                     /usr/lib/jvm/java-11-openjdk-amd64/lib/server/libjvm.so
7f1b45bb8000-7f1b45db8000 ---p 00f9d000 08:01 798887                     /usr/lib/jvm/java-11-openjdk-amd64/lib/server/libjvm.so
7f1b45db8000-7f1b45e7c000 r--p 00f9d000 08:01 798887                     /usr/lib/jvm/java-11-openjdk-amd64/lib/server/libjvm.so
7f1b45e7c000-7f1b45eb4000 rw-p 01061000 08:01 798887                     /usr/lib/jvm/java-11-openjdk-amd64/lib/server/libjvm.so
7f1b45eb4000-7f1b45efd000 rw-p 00000000 00:00 0 
7f1b45efd000-7f1b45f17000 r-xp 00000000 08:01 137375                     /lib/x86_64-linux-gnu/libpthread-2.27.so
7f1b45f17000-7f1b46116000 ---p 0001a000 08:01 137375                     /lib/x86_64-linux-gnu/libpthread-2.27.so
7f1b46116000-7f1b46117000 r--p 00019000 08:01 137375                     /lib/x86_64-linux-gnu/libpthread-2.27.so
7f1b46117000-7f1b46118000 rw-p 0001a000 08:01 137375                     /lib/x86_64-linux-gnu/libpthread-2.27.so
7f1b46118000-7f1b4611c000 rw-p 00000000 00:00 0 
7f1b4611c000-7f1b4611f000 r-xp 00000000 08:01 137265                     /lib/x86_64-linux-gnu/libdl-2.27.so
7f1b4611f000-7f1b4631e000 ---p 00003000 08:01 137265                     /lib/x86_64-linux-gnu/libdl-2.27.so
7f1b4631e000-7f1b4631f000 r--p 00002000 08:01 137265                     /lib/x86_64-linux-gnu/libdl-2.27.so
7f1b4631f000-7f1b46320000 rw-p 00003000 08:01 137265                     /lib/x86_64-linux-gnu/libdl-2.27.so
7f1b46320000-7f1b4633c000 r-xp 00000000 08:01 137414                     /lib/x86_64-linux-gnu/libz.so.1.2.11
7f1b4633c000-7f1b4653b000 ---p 0001c000 08:01 137414                     /lib/x86_64-linux-gnu/libz.so.1.2.11
7f1b4653b000-7f1b4653c000 r--p 0001b000 08:01 137414                     /lib/x86_64-linux-gnu/libz.so.1.2.11
7f1b4653c000-7f1b4653d000 rw-p 0001c000 08:01 137414                     /lib/x86_64-linux-gnu/libz.so.1.2.11
7f1b4653d000-7f1b46724000 r-xp 00000000 08:01 137242                     /lib/x86_64-linux-gnu/libc-2.27.so
7f1b46724000-7f1b46924000 ---p 001e7000 08:01 137242                     /lib/x86_64-linux-gnu/libc-2.27.so
7f1b46924000-7f1b46928000 r--p 001e7000 08:01 137242                     /lib/x86_64-linux-gnu/libc-2.27.so
7f1b46928000-7f1b4692a000 rw-p 001eb000 08:01 137242                     /lib/x86_64-linux-gnu/libc-2.27.so
7f1b4692a000-7f1b4692e000 rw-p 00000000 00:00 0 
7f1b4692e000-7f1b4693d000 r-xp 00000000 08:01 798847                     /usr/lib/jvm/java-11-openjdk-amd64/lib/jli/libjli.so
7f1b4693d000-7f1b46b3c000 ---p 0000f000 08:01 798847                     /usr/lib/jvm/java-11-openjdk-amd64/lib/jli/libjli.so
7f1b46b3c000-7f1b46b3d000 r--p 0000e000 08:01 798847                     /usr/lib/jvm/java-11-openjdk-amd64/lib/jli/libjli.so
7f1b46b3d000-7f1b46b3e000 rw-p 0000f000 08:01 798847                     /usr/lib/jvm/java-11-openjdk-amd64/lib/jli/libjli.so
7f1b46b3e000-7f1b46b65000 r-xp 00000000 08:01 137214                     /lib/x86_64-linux-gnu/ld-2.27.so
7f1b46b9a000-7f1b46c46000 rw-p 00000000 00:00 0 
7f1b46c46000-7f1b46c4d000 ---p 00000000 00:00 0 
7f1b46c4d000-7f1b46c51000 ---p 00000000 00:00 0 
7f1b46c51000-7f1b46d50000 rw-p 00000000 00:00 0 
7f1b46d51000-7f1b46d58000 r--s 00000000 08:01 529074                     /usr/lib/x86_64-linux-gnu/gconv/gconv-modules.cache
7f1b46d58000-7f1b46d59000 rw-p 00000000 00:00 0 
7f1b46d59000-7f1b46d61000 rw-s 00000000 08:01 1181132                    /tmp/hsperfdata_ouko/6532
7f1b46d61000-7f1b46d62000 ---p 00000000 00:00 0 
7f1b46d62000-7f1b46d63000 r--p 00000000 00:00 0 
7f1b46d63000-7f1b46d65000 rw-p 00000000 00:00 0 
7f1b46d65000-7f1b46d66000 r--p 00027000 08:01 137214                     /lib/x86_64-linux-gnu/ld-2.27.so
7f1b46d66000-7f1b46d67000 rw-p 00028000 08:01 137214                     /lib/x86_64-linux-gnu/ld-2.27.so
7f1b46d67000-7f1b46d68000 rw-p 00000000 00:00 0 
7ffe44e30000-7ffe44e51000 rw-p 00000000 00:00 0                          [stack]
7ffe44fa7000-7ffe44faa000 r--p 00000000 00:00 0                          [vvar]
7ffe44faa000-7ffe44fac000 r-xp 00000000 00:00 0                          [vdso]
ffffffffff600000-ffffffffff601000 r-xp 00000000 00:00 0                  [vsyscall]


VM Arguments:
jvm_args: -agentlib:jdwp=transport=dt_socket,suspend=y,address=localhost:39063 -javaagent:/home/ouko/eclipse/java-2018-09/eclipse/configuration/org.eclipse.osgi/232/0/.cp/lib/javaagent-shaded.jar -Dfile.encoding=UTF-8 
java_command: tests.ParserTest
java_class_path (initial): /home/ouko/Desktop/DBSys_Assignment/NewJoinOperator/JoinAssignement/javaminibase/src
Launcher Type: SUN_STANDARD

Logging:
Log output configuration:
#0: stdout all=warning uptime,level,tags
#1: stderr all=off uptime,level,tags

Environment Variables:
PATH=/usr/local/sbin:/usr/local/bin:/usr/sbin:/usr/bin:/sbin:/bin:/usr/games:/usr/local/games:/snap/bin
USERNAME=ouko
SHELL=/bin/bash
DISPLAY=:0

Signal Handlers:
SIGSEGV: [libjvm.so+0xd28b70], sa_mask[0]=11111111011111111101111111111110, sa_flags=SA_RESTART|SA_SIGINFO
SIGBUS: [libjvm.so+0xd28b70], sa_mask[0]=11111111011111111101111111111110, sa_flags=SA_RESTART|SA_SIGINFO
SIGFPE: [libjvm.so+0xd28b70], sa_mask[0]=11111111011111111101111111111110, sa_flags=SA_RESTART|SA_SIGINFO
SIGPIPE: [libjvm.so+0xb2a1f0], sa_mask[0]=11111111011111111101111111111110, sa_flags=SA_RESTART|SA_SIGINFO
SIGXFSZ: [libjvm.so+0xb2a1f0], sa_mask[0]=11111111011111111101111111111110, sa_flags=SA_RESTART|SA_SIGINFO
SIGILL: [libjvm.so+0xd28b70], sa_mask[0]=11111111011111111101111111111110, sa_flags=SA_RESTART|SA_SIGINFO
SIGUSR2: [libjvm.so+0xb2a030], sa_mask[0]=00100000000000000000000000000000, sa_flags=SA_RESTART|SA_SIGINFO
SIGHUP: [libjvm.so+0xb2a180], sa_mask[0]=11111111011111111101111111111110, sa_flags=SA_RESTART|SA_SIGINFO
SIGINT: [libjvm.so+0xb2a180], sa_mask[0]=11111111011111111101111111111110, sa_flags=SA_RESTART|SA_SIGINFO
SIGTERM: [libjvm.so+0xb2a180], sa_mask[0]=11111111011111111101111111111110, sa_flags=SA_RESTART|SA_SIGINFO
SIGQUIT: [libjvm.so+0xb2a180], sa_mask[0]=11111111011111111101111111111110, sa_flags=SA_RESTART|SA_SIGINFO


---------------  S Y S T E M  ---------------

OS:DISTRIB_ID=Ubuntu
DISTRIB_RELEASE=18.04
DISTRIB_CODENAME=bionic
DISTRIB_DESCRIPTION="Ubuntu 18.04.1 LTS"
uname:Linux 4.15.0-42-generic #45-Ubuntu SMP Thu Nov 15 19:32:57 UTC 2018 x86_64
libc:glibc 2.27 NPTL 2.27 
rlimit: STACK 8192k, CORE 0k, NPROC 19177, NOFILE 4096, AS infinity, DATA infinity, FSIZE infinity
load average:3.82 3.37 1.97

/proc/meminfo:
MemTotal:        4970040 kB
MemFree:          233332 kB
MemAvailable:    1829504 kB
Buffers:          193036 kB
Cached:          1562848 kB
SwapCached:            0 kB
Active:          3083612 kB
Inactive:         912076 kB
Active(anon):    2241668 kB
Inactive(anon):    25628 kB
Active(file):     841944 kB
Inactive(file):   886448 kB
Unevictable:          48 kB
Mlocked:              48 kB
SwapTotal:        969960 kB
SwapFree:         969960 kB
Dirty:              9512 kB
Writeback:             0 kB
AnonPages:       2239832 kB
Mapped:           482960 kB
Shmem:             27496 kB
Slab:             223020 kB
SReclaimable:     153316 kB
SUnreclaim:        69704 kB
KernelStack:       15040 kB
PageTables:        57764 kB
NFS_Unstable:          0 kB
Bounce:                0 kB
WritebackTmp:          0 kB
CommitLimit:     3454980 kB
Committed_AS:    7040508 kB
VmallocTotal:   34359738367 kB
VmallocUsed:           0 kB
VmallocChunk:          0 kB
HardwareCorrupted:     0 kB
AnonHugePages:         0 kB
ShmemHugePages:        0 kB
ShmemPmdMapped:        0 kB
CmaTotal:              0 kB
CmaFree:               0 kB
HugePages_Total:       0
HugePages_Free:        0
HugePages_Rsvd:        0
HugePages_Surp:        0
Hugepagesize:       2048 kB
DirectMap4k:      237376 kB
DirectMap2M:     4927488 kB
DirectMap1G:           0 kB

container (cgroup) information:
container_type: cgroupv1
cpu_cpuset_cpus: 0-1
cpu_memory_nodes: 0
active_processor_count: 2
cpu_quota: -1
cpu_period: 100000
cpu_shares: -1
memory_limit_in_bytes: -1
memory_and_swap_limit_in_bytes: -2
memory_soft_limit_in_bytes: -1
memory_usage_in_bytes: 4091842560
memory_max_usage_in_bytes: 0


CPU:total 2 (initial active 2) (1 cores per cpu, 1 threads per core) family 6 model 78 stepping 3, cmov, cx8, fxsr, mmx, sse, sse2, sse3, ssse3, sse4.1, sse4.2, popcnt, avx, avx2, aes, clmul, erms, 3dnowpref, lzcnt, tsc, tscinvbit, bmi1, bmi2, adx, fma
CPU Model and flags from /proc/cpuinfo:
model name	: Intel(R) Core(TM) i7-6500U CPU @ 2.50GHz
flags		: fpu vme de pse tsc msr pae mce cx8 apic sep mtrr pge mca cmov pat pse36 clflush dts mmx fxsr sse sse2 ss syscall nx pdpe1gb rdtscp lm constant_tsc arch_perfmon pebs bts nopl xtopology tsc_reliable nonstop_tsc cpuid aperfmperf pni pclmulqdq ssse3 fma cx16 pcid sse4_1 sse4_2 x2apic movbe popcnt tsc_deadline_timer aes xsave avx f16c rdrand hypervisor lahf_lm abm 3dnowprefetch cpuid_fault epb invpcid_single pti fsgsbase tsc_adjust bmi1 avx2 smep bmi2 invpcid rdseed adx smap xsaveopt dtherm ida arat pln pts hwp hwp_notify hwp_act_window hwp_epp

Memory: 4k page, physical 4970040k(233208k free), swap 969960k(969960k free)

vm_info: OpenJDK 64-Bit Server VM (10.0.2+13-Ubuntu-1ubuntu0.18.04.4) for linux-amd64 JRE (10.0.2+13-Ubuntu-1ubuntu0.18.04.4), built on Nov 13 2018 12:53:39 by "buildd" with gcc 7.3.0

END.
